[2021-07-13 09:04:31,564] [autoreload.py:637] [autoreload:run_with_reloader] [INFO]- Watching for file changes with StatReloader
[2021-07-13 09:04:36,468] [basehttp.py:161] [basehttp:log_message] [INFO]- "GET / HTTP/1.1" 200 10177
[2021-07-13 09:04:36,518] [basehttp.py:161] [basehttp:log_message] [INFO]- "GET /media/QQ%E5%9B%BE%E7%89%8720191127203318.jpg HTTP/1.1" 304 0
[2021-07-13 09:04:36,519] [basehttp.py:161] [basehttp:log_message] [INFO]- "GET /media/QQ%E5%9B%BE%E7%89%8720191210222509.jpg HTTP/1.1" 304 0
[2021-07-13 09:04:36,628] [basehttp.py:161] [basehttp:log_message] [WARNING]- "GET /static/fonts/themify.ttf HTTP/1.1" 404 1810
[2021-07-13 09:04:36,628] [basehttp.py:161] [basehttp:log_message] [WARNING]- "GET /static/images/blog/5.jpg HTTP/1.1" 404 1810
[2021-07-13 09:04:36,673] [basehttp.py:161] [basehttp:log_message] [WARNING]- "GET /static/img/favicon.png HTTP/1.1" 404 1804
[2021-07-13 09:04:39,054] [basehttp.py:161] [basehttp:log_message] [INFO]- "GET /map/map/ HTTP/1.1" 200 2519
[2021-07-13 09:04:39,074] [basehttp.py:161] [basehttp:log_message] [INFO]- "GET /static/js/map_index.js HTTP/1.1" 304 0
[2021-07-13 09:04:39,926] [log.py:230] [log:log_response] [WARNING]- Not Found: /favicon.ico
[2021-07-13 09:04:39,926] [basehttp.py:161] [basehttp:log_message] [WARNING]- "GET /favicon.ico HTTP/1.1" 404 2771
[2021-07-13 09:04:44,448] [basehttp.py:161] [basehttp:log_message] [INFO]- "GET /mdmain/detail/1/ HTTP/1.1" 200 18613
[2021-07-13 09:04:44,472] [basehttp.py:161] [basehttp:log_message] [INFO]- "GET /static/js/comment.js HTTP/1.1" 304 0
[2021-07-13 09:04:44,521] [basehttp.py:161] [basehttp:log_message] [WARNING]- "GET /static/fonts/themify.ttf HTTP/1.1" 404 1810
[2021-07-13 09:05:11,866] [basehttp.py:161] [basehttp:log_message] [INFO]- "GET /mdmain/detail/1/ HTTP/1.1" 200 18613
[2021-07-13 09:05:11,920] [basehttp.py:161] [basehttp:log_message] [WARNING]- "GET /static/fonts/themify.ttf HTTP/1.1" 404 1810
[2021-07-13 09:05:17,885] [basehttp.py:161] [basehttp:log_message] [INFO]- "POST /mdmain/comment/ HTTP/1.1" 200 243
[2021-07-13 09:05:33,875] [basehttp.py:161] [basehttp:log_message] [INFO]- "GET /mdmain/contact/ HTTP/1.1" 200 5761
[2021-07-13 09:05:33,895] [basehttp.py:161] [basehttp:log_message] [INFO]- "GET /static/js/contact.js HTTP/1.1" 304 0
[2021-07-13 09:05:33,931] [basehttp.py:161] [basehttp:log_message] [WARNING]- "GET /static/fonts/themify.ttf HTTP/1.1" 404 1810
[2021-07-13 09:05:45,757] [basehttp.py:161] [basehttp:log_message] [INFO]- "POST /mdmain/contact/ HTTP/1.1" 200 42
[2021-07-13 09:05:50,067] [views.py:26] [views:cms_index] [INFO]- 请求成功！ 用户:17628508386进入猿泓cms管理后台！；response_headers:{'Content-Length': '', 'Content-Type': 'text/plain', 'Host': '127.0.0.1:8000', 'Connection': 'keep-alive', 'Upgrade-Insecure-Requests': '1', 'User-Agent': 'Mozilla/5.0 (Windows NT 10.0; Win64; x64) AppleWebKit/537.36 (KHTML, like Gecko) Chrome/91.0.4472.124 Safari/537.36', 'Accept': 'text/html,application/xhtml+xml,application/xml;q=0.9,image/avif,image/webp,image/apng,*/*;q=0.8,application/signed-exchange;v=b3;q=0.9', 'Purpose': 'prefetch', 'Sec-Fetch-Site': 'none', 'Sec-Fetch-Mode': 'navigate', 'Sec-Fetch-User': '?1', 'Sec-Fetch-Dest': 'document', 'Sec-Ch-Ua': '" Not;A Brand";v="99", "Google Chrome";v="91", "Chromium";v="91"', 'Sec-Ch-Ua-Mobile': '?0', 'Accept-Encoding': 'gzip, deflate, br', 'Accept-Language': 'zh-CN,zh;q=0.9', 'Cookie': 'userId=19310320117; saveMe=true; userPW=15328362628wyh; Token=WSRY3OWTOZWZf4VB5qKN0wP1dHgv9DfV7Y%2ByFsb2GT%2BbdxFmddJpXWswKZ9O%2BkVFZEdkeLaOgP2WUuVStoweyc%2BgrD7MXam0n2sAjCNYD2w96Hu6fLIoVFxTvovCgc99PnSmbgyBIR6iKm0zlGfmsEuFtXovLckFqbVfWQiSRc5eizfcWYD%2BIkJAkTVnGmKAY%2BWEw8O3QWx8Gr48gJ0eQsTFpF8xvLuW%2FFkzXXN0XqI1Bsxrr1V1WOGSdXN1jAon5Jgo5zqCr3zkmLbvrfjscGS1v3Aj7jdw3StDWZLqANohCx0a8FgI75iZBCp4RMxR4%2BA21MjACgc%2FOiBPPWrYAg48YSUWYenIDC6inBYhrM%2FkenytnjgRy0aTcDjD6mqbaV%2FF1owk4ECKHmiWrFHV58bfPEgXKqIxHPcObXymYOMIL8Z13QoAlPdvtIwxQiBvcpe4pPI3IE3BO24JDsds2W5%2B8JzuOP9LoGUr7l7aORlWDCO1yxsZUYp5I9g%2Fh1JHmIl52nVedHOsAldsm8czCR37ChC%2Fq11ohAscqEJjsMdMeqy7j%2B68eleufRse%2B2U9i5xccUIBlr4dB%2FHACX8YsNwqDEuYMCnx3%2B3406HCo%2ByJG0DBvF4xTjDgxuoofFgqVg3khsz2f3SiObI89fk3E4q%2BuXyqLwomvfF7q1BGVE8t9bOIb732DByeH1lOeg94V0JyV28N%2BJgygaXWivAvJqDvLXLeQn5W1qW71JnrIaxsgKZK2iKjioJWlWXjJCBJETa84IAB20W0qG914Oyzha9O6f0fQWgP3Ti87C3TPwEKd2mjH2vV9lO1KwVgAXwyEh9J6nGNJ8LrMo%2FIRYifIoNBiIZmFreiABqsllx92p3ouX111U1POMRqLbKW%2FDI2CHxPzKIS9Ol6r59l9ndeh9EkVX9ubRXISerWczeS3Uj9yxX%2BgJdR6IzK2l%2B%2FGkLY9ZjxQwsG2%2BRN4qVs%2B14AAqkOlQP5v3fCQMMPX8w7JLa4i6fI8X3Mdqh7Yd2kyv2I9rk6KcUPmebpKmR4P%2FzEqX4O5A3%2Fd6XYDx8X9ppBahmQbMOmUZrEzo3tS%2FfdRS6KehiyVlZ9fNVkTczxMAv4xgBC4pm44Q8wDNQUwXPidvZfsxYkGTKNPeEJf05ck4u6o1DAO%2B%2FG7hRsg18bVbybtjUmvS%2BtOAfz9gFCIIILkj8FnAWQy6oo9FwdQ%2BLE6Ao4HPRSWfSMs0M%3D; csrftoken=9fW84CPMMzz94lGT8MaGOAdaRuzeVK0RfXENZxXVF9szXAzheuqefjfvtoM4CxlQ; sessionid=twc3hpenvnwfgn2a1pk06f2jqmo15kn4'}；request_body:b'',
[2021-07-13 09:05:50,108] [basehttp.py:161] [basehttp:log_message] [INFO]- "GET /cms/ HTTP/1.1" 200 6398
[2021-07-13 09:05:50,659] [basehttp.py:161] [basehttp:log_message] [INFO]- "GET /cms/controlpanel/ HTTP/1.1" 200 7396
[2021-07-13 09:05:50,704] [basehttp.py:161] [basehttp:log_message] [WARNING]- "GET /static/css/fonts/glyphicons.pro/glyphicons-regular.ttf HTTP/1.1" 404 1900
[2021-07-13 09:05:50,705] [basehttp.py:161] [basehttp:log_message] [WARNING]- "GET /static/css/fonts/fontawesome/fontawesome-webfont.ttf?v=4.2.0 HTTP/1.1" 404 1902
[2021-07-13 09:05:50,705] [basehttp.py:161] [basehttp:log_message] [INFO]- "GET /static/js/CmUser.js HTTP/1.1" 304 0
[2021-07-13 09:05:59,607] [basehttp.py:161] [basehttp:log_message] [INFO]- "GET /cms/creat_admin/ HTTP/1.1" 200 3333
[2021-07-13 09:05:59,666] [basehttp.py:161] [basehttp:log_message] [WARNING]- "GET /static/css/fonts/fontawesome/fontawesome-webfont.ttf?v=4.2.0 HTTP/1.1" 404 1902
[2021-07-13 09:06:00,657] [basehttp.py:161] [basehttp:log_message] [INFO]- "GET /cms/administrators/ HTTP/1.1" 200 7157
[2021-07-13 09:06:00,701] [basehttp.py:161] [basehttp:log_message] [WARNING]- "GET /static/css/fonts/fontawesome/fontawesome-webfont.ttf?v=4.2.0 HTTP/1.1" 404 1902
[2021-07-13 09:06:08,601] [basehttp.py:161] [basehttp:log_message] [INFO]- "GET /cms/banners/ HTTP/1.1" 200 6582
[2021-07-13 09:06:08,664] [basehttp.py:161] [basehttp:log_message] [WARNING]- "GET /static/css/fonts/fontawesome/fontawesome-webfont.ttf?v=4.2.0 HTTP/1.1" 404 1902
[2021-07-13 09:06:11,145] [basehttp.py:161] [basehttp:log_message] [INFO]- "GET /cms/picture_create/ HTTP/1.1" 200 3671
[2021-07-13 09:06:11,189] [basehttp.py:161] [basehttp:log_message] [WARNING]- "GET /static/css/fonts/fontawesome/fontawesome-webfont.ttf?v=4.2.0 HTTP/1.1" 404 1902
[2021-07-13 09:06:12,648] [basehttp.py:161] [basehttp:log_message] [INFO]- "GET /cms/webset/ HTTP/1.1" 200 23824
[2021-07-13 09:06:12,699] [basehttp.py:161] [basehttp:log_message] [WARNING]- "GET /static/css/fonts/fontawesome/fontawesome-webfont.ttf?v=4.2.0 HTTP/1.1" 404 1902
[2021-07-13 09:06:16,054] [basehttp.py:161] [basehttp:log_message] [INFO]- "GET /cms/user/ HTTP/1.1" 200 7164
[2021-07-13 09:06:16,103] [basehttp.py:161] [basehttp:log_message] [WARNING]- "GET /static/css/fonts/fontawesome/fontawesome-webfont.ttf?v=4.2.0 HTTP/1.1" 404 1902
[2021-07-13 09:06:19,068] [basehttp.py:161] [basehttp:log_message] [INFO]- "GET /cms/logs/ HTTP/1.1" 200 2083
[2021-07-13 09:06:22,447] [basehttp.py:161] [basehttp:log_message] [INFO]- "GET /cms/download_logs/info-2021-07-13.log HTTP/1.1" 200 2407
[2021-07-13 09:06:49,917] [basehttp.py:161] [basehttp:log_message] [INFO]- "GET /cms/picture_create/ HTTP/1.1" 200 3671
[2021-07-13 09:06:49,960] [basehttp.py:161] [basehttp:log_message] [WARNING]- "GET /static/css/fonts/fontawesome/fontawesome-webfont.ttf?v=4.2.0 HTTP/1.1" 404 1902
[2021-07-13 09:06:51,203] [basehttp.py:161] [basehttp:log_message] [INFO]- "GET /cms/controlpanel/ HTTP/1.1" 200 7396
[2021-07-13 09:06:51,251] [basehttp.py:161] [basehttp:log_message] [WARNING]- "GET /static/css/fonts/fontawesome/fontawesome-webfont.ttf?v=4.2.0 HTTP/1.1" 404 1902
[2021-07-13 09:06:53,275] [basehttp.py:161] [basehttp:log_message] [INFO]- "GET /cms/user/ HTTP/1.1" 200 7164
[2021-07-13 09:06:53,315] [basehttp.py:161] [basehttp:log_message] [WARNING]- "GET /static/css/fonts/fontawesome/fontawesome-webfont.ttf?v=4.2.0 HTTP/1.1" 404 1902
[2021-07-13 09:07:02,974] [views.py:96] [views:post] [INFO]- 请求成功！ 用户:17628508386将17628508386的账户密码！将17628508386:pbkdf2_sha1$260000$a$JH7RlHN83Qpu8Ze8TQHVwFXZBSk=修改为17628508386:333333
[2021-07-13 09:07:02,978] [basehttp.py:161] [basehttp:log_message] [INFO]- "POST /cms/user/ HTTP/1.1" 200 42
[2021-07-13 09:07:02,998] [log.py:230] [log:log_response] [WARNING]- Not Found: /cms/send_sms/
[2021-07-13 09:07:02,999] [basehttp.py:161] [basehttp:log_message] [WARNING]- "POST /cms/send_sms/ HTTP/1.1" 404 5302
[2021-07-13 09:07:17,002] [log.py:230] [log:log_response] [WARNING]- Not Found: /cms/user/
[2021-07-13 09:07:17,003] [basehttp.py:161] [basehttp:log_message] [WARNING]- "GET /cms/user/ HTTP/1.1" 404 3871
[2021-07-13 09:07:19,995] [log.py:230] [log:log_response] [WARNING]- Not Found: /cms/user/
[2021-07-13 09:07:19,996] [basehttp.py:161] [basehttp:log_message] [WARNING]- "GET /cms/user/ HTTP/1.1" 404 3871
[2021-07-13 09:07:32,607] [basehttp.py:161] [basehttp:log_message] [INFO]- "GET /auth/login/ HTTP/1.1" 200 2799
[2021-07-13 09:07:54,530] [basehttp.py:161] [basehttp:log_message] [INFO]- "POST /auth/login/ HTTP/1.1" 200 45
[2021-07-13 09:07:54,549] [basehttp.py:161] [basehttp:log_message] [INFO]- "GET /map/map/ HTTP/1.1" 200 2519
[2021-07-13 09:07:57,159] [views.py:26] [views:cms_index] [INFO]- 请求成功！ 用户:17628508386进入猿泓cms管理后台！；response_headers:{'Content-Length': '', 'Content-Type': 'text/plain', 'Host': '127.0.0.1:8000', 'Connection': 'keep-alive', 'Upgrade-Insecure-Requests': '1', 'User-Agent': 'Mozilla/5.0 (Windows NT 10.0; Win64; x64) AppleWebKit/537.36 (KHTML, like Gecko) Chrome/91.0.4472.124 Safari/537.36', 'Accept': 'text/html,application/xhtml+xml,application/xml;q=0.9,image/avif,image/webp,image/apng,*/*;q=0.8,application/signed-exchange;v=b3;q=0.9', 'Sec-Fetch-Site': 'none', 'Sec-Fetch-Mode': 'navigate', 'Sec-Fetch-User': '?1', 'Sec-Fetch-Dest': 'document', 'Sec-Ch-Ua': '" Not;A Brand";v="99", "Google Chrome";v="91", "Chromium";v="91"', 'Sec-Ch-Ua-Mobile': '?0', 'Accept-Encoding': 'gzip, deflate, br', 'Accept-Language': 'zh-CN,zh;q=0.9', 'Cookie': 'userId=19310320117; saveMe=true; userPW=15328362628wyh; Token=WSRY3OWTOZWZf4VB5qKN0wP1dHgv9DfV7Y%2ByFsb2GT%2BbdxFmddJpXWswKZ9O%2BkVFZEdkeLaOgP2WUuVStoweyc%2BgrD7MXam0n2sAjCNYD2w96Hu6fLIoVFxTvovCgc99PnSmbgyBIR6iKm0zlGfmsEuFtXovLckFqbVfWQiSRc5eizfcWYD%2BIkJAkTVnGmKAY%2BWEw8O3QWx8Gr48gJ0eQsTFpF8xvLuW%2FFkzXXN0XqI1Bsxrr1V1WOGSdXN1jAon5Jgo5zqCr3zkmLbvrfjscGS1v3Aj7jdw3StDWZLqANohCx0a8FgI75iZBCp4RMxR4%2BA21MjACgc%2FOiBPPWrYAg48YSUWYenIDC6inBYhrM%2FkenytnjgRy0aTcDjD6mqbaV%2FF1owk4ECKHmiWrFHV58bfPEgXKqIxHPcObXymYOMIL8Z13QoAlPdvtIwxQiBvcpe4pPI3IE3BO24JDsds2W5%2B8JzuOP9LoGUr7l7aORlWDCO1yxsZUYp5I9g%2Fh1JHmIl52nVedHOsAldsm8czCR37ChC%2Fq11ohAscqEJjsMdMeqy7j%2B68eleufRse%2B2U9i5xccUIBlr4dB%2FHACX8YsNwqDEuYMCnx3%2B3406HCo%2ByJG0DBvF4xTjDgxuoofFgqVg3khsz2f3SiObI89fk3E4q%2BuXyqLwomvfF7q1BGVE8t9bOIb732DByeH1lOeg94V0JyV28N%2BJgygaXWivAvJqDvLXLeQn5W1qW71JnrIaxsgKZK2iKjioJWlWXjJCBJETa84IAB20W0qG914Oyzha9O6f0fQWgP3Ti87C3TPwEKd2mjH2vV9lO1KwVgAXwyEh9J6nGNJ8LrMo%2FIRYifIoNBiIZmFreiABqsllx92p3ouX111U1POMRqLbKW%2FDI2CHxPzKIS9Ol6r59l9ndeh9EkVX9ubRXISerWczeS3Uj9yxX%2BgJdR6IzK2l%2B%2FGkLY9ZjxQwsG2%2BRN4qVs%2B14AAqkOlQP5v3fCQMMPX8w7JLa4i6fI8X3Mdqh7Yd2kyv2I9rk6KcUPmebpKmR4P%2FzEqX4O5A3%2Fd6XYDx8X9ppBahmQbMOmUZrEzo3tS%2FfdRS6KehiyVlZ9fNVkTczxMAv4xgBC4pm44Q8wDNQUwXPidvZfsxYkGTKNPeEJf05ck4u6o1DAO%2B%2FG7hRsg18bVbybtjUmvS%2BtOAfz9gFCIIILkj8FnAWQy6oo9FwdQ%2BLE6Ao4HPRSWfSMs0M%3D; csrftoken=vmAS42nNZEPUZ7zmLBZMKO7vJTy22qPcNmn6T7hQxzqgodl0nAOGIuAkD015p912; sessionid=rne2f9rtfzc31u1w1wb8o1s4rjyd0wqg'}；request_body:b'',
[2021-07-13 09:07:57,162] [basehttp.py:161] [basehttp:log_message] [INFO]- "GET /cms/ HTTP/1.1" 200 6398
[2021-07-13 09:07:57,224] [basehttp.py:161] [basehttp:log_message] [INFO]- "GET /cms/controlpanel/ HTTP/1.1" 200 7396
[2021-07-13 09:07:57,249] [basehttp.py:161] [basehttp:log_message] [WARNING]- "GET /static/css/fonts/glyphicons.pro/glyphicons-regular.ttf HTTP/1.1" 404 1900
[2021-07-13 09:07:57,253] [basehttp.py:161] [basehttp:log_message] [WARNING]- "GET /static/css/fonts/fontawesome/fontawesome-webfont.ttf?v=4.2.0 HTTP/1.1" 404 1902
[2021-07-13 09:08:25,202] [basehttp.py:161] [basehttp:log_message] [INFO]- "GET /cms/user/ HTTP/1.1" 200 7164
[2021-07-13 09:08:25,298] [basehttp.py:161] [basehttp:log_message] [WARNING]- "GET /static/css/fonts/fontawesome/fontawesome-webfont.ttf?v=4.2.0 HTTP/1.1" 404 1902
[2021-07-13 09:08:35,762] [views.py:96] [views:post] [INFO]- 请求成功！ 用户:17628508386将17628508386的账户密码！将17628508386:pbkdf2_sha1$260000$a$Jjkjxdl9p/puOKrNq6jixH2bN7Y=修改为17628508386:444444
[2021-07-13 09:08:35,766] [basehttp.py:161] [basehttp:log_message] [INFO]- "POST /cms/user/ HTTP/1.1" 200 42
[2021-07-13 09:08:35,785] [log.py:230] [log:log_response] [WARNING]- Not Found: /cms/send_sms/
[2021-07-13 09:08:35,785] [basehttp.py:161] [basehttp:log_message] [WARNING]- "POST /cms/send_sms/ HTTP/1.1" 404 5302
[2021-07-13 09:08:37,762] [log.py:230] [log:log_response] [WARNING]- Not Found: /cms/user/
[2021-07-13 09:08:37,762] [basehttp.py:161] [basehttp:log_message] [WARNING]- "GET /cms/user/ HTTP/1.1" 404 3871
[2021-07-13 09:08:59,703] [log.py:230] [log:log_response] [WARNING]- Not Found: /cms/
[2021-07-13 09:08:59,704] [basehttp.py:161] [basehttp:log_message] [WARNING]- "GET /cms/ HTTP/1.1" 404 2781
[2021-07-13 09:09:02,467] [basehttp.py:161] [basehttp:log_message] [INFO]- "GET / HTTP/1.1" 200 10177
[2021-07-13 09:09:02,534] [basehttp.py:161] [basehttp:log_message] [WARNING]- "GET /static/images/blog/5.jpg HTTP/1.1" 404 1810
[2021-07-13 09:09:02,566] [basehttp.py:161] [basehttp:log_message] [WARNING]- "GET /static/js/bootstrap.min.js.map HTTP/1.1" 404 1828
[2021-07-13 09:09:02,589] [basehttp.py:161] [basehttp:log_message] [WARNING]- "GET /static/fonts/themify.ttf HTTP/1.1" 404 1810
[2021-07-13 09:09:03,938] [basehttp.py:161] [basehttp:log_message] [INFO]- "GET /map/map/ HTTP/1.1" 302 0
[2021-07-13 09:09:03,943] [basehttp.py:161] [basehttp:log_message] [INFO]- "GET /auth/login/?next=/map/map/ HTTP/1.1" 200 2799
[2021-07-13 09:09:09,623] [basehttp.py:161] [basehttp:log_message] [INFO]- "POST /auth/login/ HTTP/1.1" 200 96
[2021-07-13 09:09:12,639] [basehttp.py:161] [basehttp:log_message] [INFO]- "GET /auth/login/?next=/map/map/ HTTP/1.1" 200 2799
[2021-07-13 09:09:18,797] [basehttp.py:161] [basehttp:log_message] [INFO]- "POST /auth/login/ HTTP/1.1" 200 45
[2021-07-13 09:09:18,819] [basehttp.py:161] [basehttp:log_message] [INFO]- "GET /map/map/ HTTP/1.1" 200 2519
[2021-07-13 09:09:20,771] [views.py:26] [views:cms_index] [INFO]- 请求成功！ 用户:17628508386进入猿泓cms管理后台！；response_headers:{'Content-Length': '', 'Content-Type': 'text/plain', 'Host': '127.0.0.1:8000', 'Connection': 'keep-alive', 'Upgrade-Insecure-Requests': '1', 'User-Agent': 'Mozilla/5.0 (Windows NT 10.0; Win64; x64) AppleWebKit/537.36 (KHTML, like Gecko) Chrome/91.0.4472.124 Safari/537.36', 'Accept': 'text/html,application/xhtml+xml,application/xml;q=0.9,image/avif,image/webp,image/apng,*/*;q=0.8,application/signed-exchange;v=b3;q=0.9', 'Sec-Fetch-Site': 'none', 'Sec-Fetch-Mode': 'navigate', 'Sec-Fetch-User': '?1', 'Sec-Fetch-Dest': 'document', 'Sec-Ch-Ua': '" Not;A Brand";v="99", "Google Chrome";v="91", "Chromium";v="91"', 'Sec-Ch-Ua-Mobile': '?0', 'Accept-Encoding': 'gzip, deflate, br', 'Accept-Language': 'zh-CN,zh;q=0.9', 'Cookie': 'userId=19310320117; saveMe=true; userPW=15328362628wyh; Token=WSRY3OWTOZWZf4VB5qKN0wP1dHgv9DfV7Y%2ByFsb2GT%2BbdxFmddJpXWswKZ9O%2BkVFZEdkeLaOgP2WUuVStoweyc%2BgrD7MXam0n2sAjCNYD2w96Hu6fLIoVFxTvovCgc99PnSmbgyBIR6iKm0zlGfmsEuFtXovLckFqbVfWQiSRc5eizfcWYD%2BIkJAkTVnGmKAY%2BWEw8O3QWx8Gr48gJ0eQsTFpF8xvLuW%2FFkzXXN0XqI1Bsxrr1V1WOGSdXN1jAon5Jgo5zqCr3zkmLbvrfjscGS1v3Aj7jdw3StDWZLqANohCx0a8FgI75iZBCp4RMxR4%2BA21MjACgc%2FOiBPPWrYAg48YSUWYenIDC6inBYhrM%2FkenytnjgRy0aTcDjD6mqbaV%2FF1owk4ECKHmiWrFHV58bfPEgXKqIxHPcObXymYOMIL8Z13QoAlPdvtIwxQiBvcpe4pPI3IE3BO24JDsds2W5%2B8JzuOP9LoGUr7l7aORlWDCO1yxsZUYp5I9g%2Fh1JHmIl52nVedHOsAldsm8czCR37ChC%2Fq11ohAscqEJjsMdMeqy7j%2B68eleufRse%2B2U9i5xccUIBlr4dB%2FHACX8YsNwqDEuYMCnx3%2B3406HCo%2ByJG0DBvF4xTjDgxuoofFgqVg3khsz2f3SiObI89fk3E4q%2BuXyqLwomvfF7q1BGVE8t9bOIb732DByeH1lOeg94V0JyV28N%2BJgygaXWivAvJqDvLXLeQn5W1qW71JnrIaxsgKZK2iKjioJWlWXjJCBJETa84IAB20W0qG914Oyzha9O6f0fQWgP3Ti87C3TPwEKd2mjH2vV9lO1KwVgAXwyEh9J6nGNJ8LrMo%2FIRYifIoNBiIZmFreiABqsllx92p3ouX111U1POMRqLbKW%2FDI2CHxPzKIS9Ol6r59l9ndeh9EkVX9ubRXISerWczeS3Uj9yxX%2BgJdR6IzK2l%2B%2FGkLY9ZjxQwsG2%2BRN4qVs%2B14AAqkOlQP5v3fCQMMPX8w7JLa4i6fI8X3Mdqh7Yd2kyv2I9rk6KcUPmebpKmR4P%2FzEqX4O5A3%2Fd6XYDx8X9ppBahmQbMOmUZrEzo3tS%2FfdRS6KehiyVlZ9fNVkTczxMAv4xgBC4pm44Q8wDNQUwXPidvZfsxYkGTKNPeEJf05ck4u6o1DAO%2B%2FG7hRsg18bVbybtjUmvS%2BtOAfz9gFCIIILkj8FnAWQy6oo9FwdQ%2BLE6Ao4HPRSWfSMs0M%3D; csrftoken=vspZgVQWBPjoFzlKUNsAS3ilUAC0ckEoEEBK9LYlzFMEcNt7LcHObckKwlPstW43; sessionid=s7mhb8ec71oykp226m1sf19tgxve1joi'}；request_body:b'',
[2021-07-13 09:09:20,774] [basehttp.py:161] [basehttp:log_message] [INFO]- "GET /cms/ HTTP/1.1" 200 6398
[2021-07-13 09:09:20,842] [basehttp.py:161] [basehttp:log_message] [INFO]- "GET /cms/controlpanel/ HTTP/1.1" 200 7396
[2021-07-13 09:09:20,868] [basehttp.py:161] [basehttp:log_message] [WARNING]- "GET /static/css/fonts/glyphicons.pro/glyphicons-regular.ttf HTTP/1.1" 404 1900
[2021-07-13 09:09:20,874] [basehttp.py:161] [basehttp:log_message] [WARNING]- "GET /static/css/fonts/fontawesome/fontawesome-webfont.ttf?v=4.2.0 HTTP/1.1" 404 1902
[2021-07-13 09:09:23,581] [basehttp.py:161] [basehttp:log_message] [INFO]- "GET /cms/creat_admin/ HTTP/1.1" 200 3333
[2021-07-13 09:09:23,664] [basehttp.py:161] [basehttp:log_message] [WARNING]- "GET /static/css/fonts/fontawesome/fontawesome-webfont.ttf?v=4.2.0 HTTP/1.1" 404 1902
[2021-07-13 09:09:47,603] [views.py:262] [views:post] [INFO]- 用户17628508386添加了一位新职员17628125417,职位是None
[2021-07-13 09:09:47,603] [basehttp.py:161] [basehttp:log_message] [INFO]- "POST /cms/creat_admin/ HTTP/1.1" 200 42
[2021-07-13 09:09:49,252] [basehttp.py:161] [basehttp:log_message] [INFO]- "GET /cms/administrators/ HTTP/1.1" 200 7157
[2021-07-13 09:09:49,347] [basehttp.py:161] [basehttp:log_message] [WARNING]- "GET /static/css/fonts/fontawesome/fontawesome-webfont.ttf?v=4.2.0 HTTP/1.1" 404 1902
[2021-07-13 09:09:52,715] [basehttp.py:161] [basehttp:log_message] [INFO]- "GET /cms/administrators/ HTTP/1.1" 200 7157
[2021-07-13 09:09:52,817] [basehttp.py:161] [basehttp:log_message] [WARNING]- "GET /static/css/fonts/fontawesome/fontawesome-webfont.ttf?v=4.2.0 HTTP/1.1" 404 1902
[2021-07-13 09:09:53,228] [basehttp.py:161] [basehttp:log_message] [INFO]- "GET /cms/administrators/ HTTP/1.1" 200 7157
[2021-07-13 09:09:53,303] [basehttp.py:161] [basehttp:log_message] [WARNING]- "GET /static/css/fonts/fontawesome/fontawesome-webfont.ttf?v=4.2.0 HTTP/1.1" 404 1902
[2021-07-13 09:09:53,380] [basehttp.py:161] [basehttp:log_message] [INFO]- "GET /cms/administrators/ HTTP/1.1" 200 7157
[2021-07-13 09:09:53,461] [basehttp.py:161] [basehttp:log_message] [WARNING]- "GET /static/css/fonts/fontawesome/fontawesome-webfont.ttf?v=4.2.0 HTTP/1.1" 404 1902
[2021-07-13 09:09:53,554] [basehttp.py:161] [basehttp:log_message] [INFO]- "GET /cms/administrators/ HTTP/1.1" 200 7157
[2021-07-13 09:09:53,629] [basehttp.py:161] [basehttp:log_message] [WARNING]- "GET /static/css/fonts/fontawesome/fontawesome-webfont.ttf?v=4.2.0 HTTP/1.1" 404 1902
[2021-07-13 09:09:54,873] [basehttp.py:161] [basehttp:log_message] [INFO]- "GET /cms/administrators/ HTTP/1.1" 200 7157
[2021-07-13 09:09:54,958] [basehttp.py:161] [basehttp:log_message] [WARNING]- "GET /static/css/fonts/fontawesome/fontawesome-webfont.ttf?v=4.2.0 HTTP/1.1" 404 1902
[2021-07-13 09:09:55,619] [basehttp.py:161] [basehttp:log_message] [INFO]- "GET /cms/administrators/ HTTP/1.1" 200 7157
[2021-07-13 09:09:55,700] [basehttp.py:161] [basehttp:log_message] [WARNING]- "GET /static/css/fonts/fontawesome/fontawesome-webfont.ttf?v=4.2.0 HTTP/1.1" 404 1902
[2021-07-13 09:09:55,767] [basehttp.py:161] [basehttp:log_message] [INFO]- "GET /cms/administrators/ HTTP/1.1" 200 7157
[2021-07-13 09:09:55,856] [basehttp.py:161] [basehttp:log_message] [WARNING]- "GET /static/css/fonts/fontawesome/fontawesome-webfont.ttf?v=4.2.0 HTTP/1.1" 404 1902
[2021-07-13 09:09:55,921] [basehttp.py:161] [basehttp:log_message] [INFO]- "GET /cms/administrators/ HTTP/1.1" 200 7157
[2021-07-13 09:09:56,017] [basehttp.py:161] [basehttp:log_message] [WARNING]- "GET /static/css/fonts/fontawesome/fontawesome-webfont.ttf?v=4.2.0 HTTP/1.1" 404 1902
[2021-07-13 09:09:56,067] [basehttp.py:161] [basehttp:log_message] [INFO]- "GET /cms/administrators/ HTTP/1.1" 200 7157
[2021-07-13 09:09:56,160] [basehttp.py:161] [basehttp:log_message] [WARNING]- "GET /static/css/fonts/fontawesome/fontawesome-webfont.ttf?v=4.2.0 HTTP/1.1" 404 1902
[2021-07-13 09:09:56,236] [basehttp.py:161] [basehttp:log_message] [INFO]- "GET /cms/administrators/ HTTP/1.1" 200 7157
[2021-07-13 09:09:56,312] [basehttp.py:161] [basehttp:log_message] [WARNING]- "GET /static/css/fonts/fontawesome/fontawesome-webfont.ttf?v=4.2.0 HTTP/1.1" 404 1902
[2021-07-13 09:09:56,377] [basehttp.py:161] [basehttp:log_message] [INFO]- "GET /cms/administrators/ HTTP/1.1" 200 7157
[2021-07-13 09:09:56,469] [basehttp.py:161] [basehttp:log_message] [WARNING]- "GET /static/css/fonts/fontawesome/fontawesome-webfont.ttf?v=4.2.0 HTTP/1.1" 404 1902
[2021-07-13 09:09:56,524] [basehttp.py:161] [basehttp:log_message] [INFO]- "GET /cms/administrators/ HTTP/1.1" 200 7157
[2021-07-13 09:09:56,603] [basehttp.py:161] [basehttp:log_message] [WARNING]- "GET /static/css/fonts/fontawesome/fontawesome-webfont.ttf?v=4.2.0 HTTP/1.1" 404 1902
[2021-07-13 09:09:56,686] [basehttp.py:161] [basehttp:log_message] [INFO]- "GET /cms/administrators/ HTTP/1.1" 200 7157
[2021-07-13 09:09:56,762] [basehttp.py:161] [basehttp:log_message] [WARNING]- "GET /static/css/fonts/fontawesome/fontawesome-webfont.ttf?v=4.2.0 HTTP/1.1" 404 1902
[2021-07-13 09:09:56,843] [basehttp.py:161] [basehttp:log_message] [INFO]- "GET /cms/administrators/ HTTP/1.1" 200 7157
[2021-07-13 09:09:56,934] [basehttp.py:161] [basehttp:log_message] [WARNING]- "GET /static/css/fonts/fontawesome/fontawesome-webfont.ttf?v=4.2.0 HTTP/1.1" 404 1902
[2021-07-13 09:09:57,571] [basehttp.py:161] [basehttp:log_message] [INFO]- "GET /cms/creat_admin/ HTTP/1.1" 200 3333
[2021-07-13 09:09:57,654] [basehttp.py:161] [basehttp:log_message] [WARNING]- "GET /static/css/fonts/fontawesome/fontawesome-webfont.ttf?v=4.2.0 HTTP/1.1" 404 1902
[2021-07-13 09:09:58,454] [basehttp.py:161] [basehttp:log_message] [INFO]- "GET /cms/administrators/ HTTP/1.1" 200 7157
[2021-07-13 09:09:58,530] [basehttp.py:161] [basehttp:log_message] [WARNING]- "GET /static/css/fonts/fontawesome/fontawesome-webfont.ttf?v=4.2.0 HTTP/1.1" 404 1902
[2021-07-13 09:10:02,528] [basehttp.py:161] [basehttp:log_message] [INFO]- "GET /cms/user/ HTTP/1.1" 200 7164
[2021-07-13 09:10:02,620] [basehttp.py:161] [basehttp:log_message] [WARNING]- "GET /static/css/fonts/fontawesome/fontawesome-webfont.ttf?v=4.2.0 HTTP/1.1" 404 1902
[2021-07-13 09:13:02,546] [autoreload.py:251] [autoreload:trigger_reload] [INFO]- D:\pycharm_File\mandao\apps\cms\views.py changed, reloading.
[2021-07-13 09:13:03,432] [autoreload.py:637] [autoreload:run_with_reloader] [INFO]- Watching for file changes with StatReloader
[2021-07-13 09:13:12,137] [autoreload.py:251] [autoreload:trigger_reload] [INFO]- D:\pycharm_File\mandao\apps\cms\views.py changed, reloading.
[2021-07-13 09:13:13,088] [autoreload.py:637] [autoreload:run_with_reloader] [INFO]- Watching for file changes with StatReloader
[2021-07-13 09:13:16,072] [basehttp.py:161] [basehttp:log_message] [INFO]- "GET /cms/user/ HTTP/1.1" 200 7164
[2021-07-13 09:13:16,162] [basehttp.py:161] [basehttp:log_message] [WARNING]- "GET /static/css/fonts/fontawesome/fontawesome-webfont.ttf?v=4.2.0 HTTP/1.1" 404 1902
[2021-07-13 09:13:17,081] [basehttp.py:161] [basehttp:log_message] [INFO]- "GET /cms/user/ HTTP/1.1" 200 7164
[2021-07-13 09:13:17,156] [basehttp.py:161] [basehttp:log_message] [WARNING]- "GET /static/css/fonts/fontawesome/fontawesome-webfont.ttf?v=4.2.0 HTTP/1.1" 404 1902
[2021-07-13 09:13:17,578] [basehttp.py:161] [basehttp:log_message] [INFO]- "GET /cms/user/ HTTP/1.1" 200 7164
[2021-07-13 09:13:17,671] [basehttp.py:161] [basehttp:log_message] [WARNING]- "GET /static/css/fonts/fontawesome/fontawesome-webfont.ttf?v=4.2.0 HTTP/1.1" 404 1902
[2021-07-13 09:13:39,166] [views.py:26] [views:cms_index] [INFO]- 请求成功！ 用户:17628508386进入猿泓cms管理后台！；response_headers:{'Content-Length': '', 'Content-Type': 'text/plain', 'Host': '127.0.0.1:8000', 'Connection': 'keep-alive', 'Pragma': 'no-cache', 'Cache-Control': 'no-cache', 'Sec-Ch-Ua': '" Not;A Brand";v="99", "Google Chrome";v="91", "Chromium";v="91"', 'Sec-Ch-Ua-Mobile': '?0', 'Upgrade-Insecure-Requests': '1', 'User-Agent': 'Mozilla/5.0 (Windows NT 10.0; Win64; x64) AppleWebKit/537.36 (KHTML, like Gecko) Chrome/91.0.4472.124 Safari/537.36', 'Accept': 'text/html,application/xhtml+xml,application/xml;q=0.9,image/avif,image/webp,image/apng,*/*;q=0.8,application/signed-exchange;v=b3;q=0.9', 'Sec-Fetch-Site': 'none', 'Sec-Fetch-Mode': 'navigate', 'Sec-Fetch-User': '?1', 'Sec-Fetch-Dest': 'document', 'Accept-Encoding': 'gzip, deflate, br', 'Accept-Language': 'zh-CN,zh;q=0.9', 'Cookie': 'userId=19310320117; saveMe=true; userPW=15328362628wyh; Token=WSRY3OWTOZWZf4VB5qKN0wP1dHgv9DfV7Y%2ByFsb2GT%2BbdxFmddJpXWswKZ9O%2BkVFZEdkeLaOgP2WUuVStoweyc%2BgrD7MXam0n2sAjCNYD2w96Hu6fLIoVFxTvovCgc99PnSmbgyBIR6iKm0zlGfmsEuFtXovLckFqbVfWQiSRc5eizfcWYD%2BIkJAkTVnGmKAY%2BWEw8O3QWx8Gr48gJ0eQsTFpF8xvLuW%2FFkzXXN0XqI1Bsxrr1V1WOGSdXN1jAon5Jgo5zqCr3zkmLbvrfjscGS1v3Aj7jdw3StDWZLqANohCx0a8FgI75iZBCp4RMxR4%2BA21MjACgc%2FOiBPPWrYAg48YSUWYenIDC6inBYhrM%2FkenytnjgRy0aTcDjD6mqbaV%2FF1owk4ECKHmiWrFHV58bfPEgXKqIxHPcObXymYOMIL8Z13QoAlPdvtIwxQiBvcpe4pPI3IE3BO24JDsds2W5%2B8JzuOP9LoGUr7l7aORlWDCO1yxsZUYp5I9g%2Fh1JHmIl52nVedHOsAldsm8czCR37ChC%2Fq11ohAscqEJjsMdMeqy7j%2B68eleufRse%2B2U9i5xccUIBlr4dB%2FHACX8YsNwqDEuYMCnx3%2B3406HCo%2ByJG0DBvF4xTjDgxuoofFgqVg3khsz2f3SiObI89fk3E4q%2BuXyqLwomvfF7q1BGVE8t9bOIb732DByeH1lOeg94V0JyV28N%2BJgygaXWivAvJqDvLXLeQn5W1qW71JnrIaxsgKZK2iKjioJWlWXjJCBJETa84IAB20W0qG914Oyzha9O6f0fQWgP3Ti87C3TPwEKd2mjH2vV9lO1KwVgAXwyEh9J6nGNJ8LrMo%2FIRYifIoNBiIZmFreiABqsllx92p3ouX111U1POMRqLbKW%2FDI2CHxPzKIS9Ol6r59l9ndeh9EkVX9ubRXISerWczeS3Uj9yxX%2BgJdR6IzK2l%2B%2FGkLY9ZjxQwsG2%2BRN4qVs%2B14AAqkOlQP5v3fCQMMPX8w7JLa4i6fI8X3Mdqh7Yd2kyv2I9rk6KcUPmebpKmR4P%2FzEqX4O5A3%2Fd6XYDx8X9ppBahmQbMOmUZrEzo3tS%2FfdRS6KehiyVlZ9fNVkTczxMAv4xgBC4pm44Q8wDNQUwXPidvZfsxYkGTKNPeEJf05ck4u6o1DAO%2B%2FG7hRsg18bVbybtjUmvS%2BtOAfz9gFCIIILkj8FnAWQy6oo9FwdQ%2BLE6Ao4HPRSWfSMs0M%3D; csrftoken=vspZgVQWBPjoFzlKUNsAS3ilUAC0ckEoEEBK9LYlzFMEcNt7LcHObckKwlPstW43; sessionid=s7mhb8ec71oykp226m1sf19tgxve1joi'}；request_body:b'',
[2021-07-13 09:13:39,175] [basehttp.py:161] [basehttp:log_message] [INFO]- "GET /cms/ HTTP/1.1" 200 6398
[2021-07-13 09:13:39,259] [basehttp.py:161] [basehttp:log_message] [INFO]- "GET /static/css/plugins.css HTTP/1.1" 200 197714
[2021-07-13 09:13:39,266] [basehttp.py:161] [basehttp:log_message] [INFO]- "GET /static/css/themes.css HTTP/1.1" 200 2019
[2021-07-13 09:13:39,272] [basehttp.py:161] [basehttp:log_message] [INFO]- "GET /static/component/plugins/layer/layer.js HTTP/1.1" 200 22081
[2021-07-13 09:13:39,276] [basehttp.py:161] [basehttp:log_message] [INFO]- "GET /static/component/style/components.css HTTP/1.1" 200 9491
[2021-07-13 09:13:39,293] [basehttp.py:161] [basehttp:log_message] [INFO]- "GET /static/css/main.css HTTP/1.1" 200 51284
[2021-07-13 09:13:39,301] [basehttp.py:161] [basehttp:log_message] [INFO]- "GET /static/component/js/JQuery2.1.4.js HTTP/1.1" 200 84355
[2021-07-13 09:13:39,313] [basehttp.py:161] [basehttp:log_message] [INFO]- "GET /static/css/cms_bootstrap.css HTTP/1.1" 200 105029
[2021-07-13 09:13:39,393] [basehttp.py:161] [basehttp:log_message] [INFO]- "GET /static/component/plugins/layer/theme/default/layer.css?v=3.2.0 HTTP/1.1" 200 14367
[2021-07-13 09:13:39,401] [basehttp.py:161] [basehttp:log_message] [INFO]- "GET /static/css/fonts/fontawesome/fontawesome-webfont.woff?v=4.2.0 HTTP/1.1" 200 109
[2021-07-13 09:13:39,403] [basehttp.py:161] [basehttp:log_message] [INFO]- "GET /static/css/fonts/glyphicons.pro/glyphicons-regular.woff HTTP/1.1" 200 103
[2021-07-13 09:13:39,406] [basehttp.py:161] [basehttp:log_message] [INFO]- "GET /cms/controlpanel/ HTTP/1.1" 200 8881
[2021-07-13 09:13:39,442] [basehttp.py:161] [basehttp:log_message] [WARNING]- "GET /static/css/fonts/fontawesome/fontawesome-webfont.ttf?v=4.2.0 HTTP/1.1" 404 1902
[2021-07-13 09:13:39,443] [basehttp.py:161] [basehttp:log_message] [INFO]- "GET /static/component/style/components.css HTTP/1.1" 200 9491
[2021-07-13 09:13:39,444] [basehttp.py:161] [basehttp:log_message] [WARNING]- "GET /static/css/fonts/glyphicons.pro/glyphicons-regular.ttf HTTP/1.1" 404 1900
[2021-07-13 09:13:39,468] [basehttp.py:161] [basehttp:log_message] [INFO]- "GET /static/css/themes.css HTTP/1.1" 200 2019
[2021-07-13 09:13:39,469] [basehttp.py:161] [basehttp:log_message] [INFO]- "GET /static/css/main.css HTTP/1.1" 200 51284
[2021-07-13 09:13:39,470] [basehttp.py:161] [basehttp:log_message] [INFO]- "GET /static/css/cms_bootstrap.css HTTP/1.1" 200 105029
[2021-07-13 09:13:39,475] [basehttp.py:161] [basehttp:log_message] [INFO]- "GET /static/component/plugins/layer/layer.js HTTP/1.1" 200 22081
[2021-07-13 09:13:39,476] [basehttp.py:161] [basehttp:log_message] [INFO]- "GET /static/css/plugins.css HTTP/1.1" 200 197714
[2021-07-13 09:13:39,477] [basehttp.py:161] [basehttp:log_message] [INFO]- "GET /static/component/js/JQuery2.1.4.js HTTP/1.1" 200 84355
[2021-07-13 09:13:39,483] [basehttp.py:161] [basehttp:log_message] [INFO]- "GET /static/css/sweetalert.css HTTP/1.1" 200 22898
[2021-07-13 09:13:39,494] [basehttp.py:161] [basehttp:log_message] [INFO]- "GET /static/js/message.js HTTP/1.1" 200 3347
[2021-07-13 09:13:39,500] [basehttp.py:161] [basehttp:log_message] [INFO]- "GET /static/js/ccajax.js HTTP/1.1" 200 2399
[2021-07-13 09:13:39,512] [basehttp.py:161] [basehttp:log_message] [INFO]- "GET /static/js/sweetalert.min.js HTTP/1.1" 200 16999
[2021-07-13 09:13:39,520] [basehttp.py:161] [basehttp:log_message] [INFO]- "GET /static/js/CmUser.js HTTP/1.1" 200 10561
[2021-07-13 09:13:39,619] [basehttp.py:161] [basehttp:log_message] [INFO]- "GET /static/component/plugins/layer/theme/default/layer.css?v=3.2.0 HTTP/1.1" 200 14367
[2021-07-13 09:13:39,626] [basehttp.py:161] [basehttp:log_message] [INFO]- "GET /static/css/fonts/fontawesome/fontawesome-webfont.woff?v=4.2.0 HTTP/1.1" 200 109
[2021-07-13 09:13:39,648] [basehttp.py:161] [basehttp:log_message] [WARNING]- "GET /static/css/fonts/fontawesome/fontawesome-webfont.ttf?v=4.2.0 HTTP/1.1" 404 1902
[2021-07-13 09:13:39,815] [log.py:230] [log:log_response] [WARNING]- Not Found: /favicon.ico
[2021-07-13 09:13:39,815] [basehttp.py:161] [basehttp:log_message] [WARNING]- "GET /favicon.ico HTTP/1.1" 404 2771
[2021-07-13 09:13:40,613] [basehttp.py:161] [basehttp:log_message] [INFO]- "GET /cms/administrators/ HTTP/1.1" 200 10204
[2021-07-13 09:13:40,715] [basehttp.py:161] [basehttp:log_message] [WARNING]- "GET /static/css/fonts/fontawesome/fontawesome-webfont.ttf?v=4.2.0 HTTP/1.1" 404 1902
[2021-07-13 09:13:50,245] [basehttp.py:161] [basehttp:log_message] [INFO]- "GET /cms/administrators/ HTTP/1.1" 200 10204
[2021-07-13 09:13:50,330] [basehttp.py:161] [basehttp:log_message] [WARNING]- "GET /static/css/fonts/fontawesome/fontawesome-webfont.ttf?v=4.2.0 HTTP/1.1" 404 1902
[2021-07-13 09:14:08,926] [views.py:26] [views:cms_index] [INFO]- 请求成功！ 用户:17628508386进入猿泓cms管理后台！；response_headers:{'Content-Length': '', 'Content-Type': 'text/plain', 'Host': '127.0.0.1:8000', 'Connection': 'keep-alive', 'Pragma': 'no-cache', 'Cache-Control': 'no-cache', 'Sec-Ch-Ua': '" Not;A Brand";v="99", "Google Chrome";v="91", "Chromium";v="91"', 'Sec-Ch-Ua-Mobile': '?0', 'Upgrade-Insecure-Requests': '1', 'User-Agent': 'Mozilla/5.0 (Windows NT 10.0; Win64; x64) AppleWebKit/537.36 (KHTML, like Gecko) Chrome/91.0.4472.124 Safari/537.36', 'Accept': 'text/html,application/xhtml+xml,application/xml;q=0.9,image/avif,image/webp,image/apng,*/*;q=0.8,application/signed-exchange;v=b3;q=0.9', 'Sec-Fetch-Site': 'none', 'Sec-Fetch-Mode': 'navigate', 'Sec-Fetch-User': '?1', 'Sec-Fetch-Dest': 'document', 'Accept-Encoding': 'gzip, deflate, br', 'Accept-Language': 'zh-CN,zh;q=0.9', 'Cookie': 'userId=19310320117; saveMe=true; userPW=15328362628wyh; Token=WSRY3OWTOZWZf4VB5qKN0wP1dHgv9DfV7Y%2ByFsb2GT%2BbdxFmddJpXWswKZ9O%2BkVFZEdkeLaOgP2WUuVStoweyc%2BgrD7MXam0n2sAjCNYD2w96Hu6fLIoVFxTvovCgc99PnSmbgyBIR6iKm0zlGfmsEuFtXovLckFqbVfWQiSRc5eizfcWYD%2BIkJAkTVnGmKAY%2BWEw8O3QWx8Gr48gJ0eQsTFpF8xvLuW%2FFkzXXN0XqI1Bsxrr1V1WOGSdXN1jAon5Jgo5zqCr3zkmLbvrfjscGS1v3Aj7jdw3StDWZLqANohCx0a8FgI75iZBCp4RMxR4%2BA21MjACgc%2FOiBPPWrYAg48YSUWYenIDC6inBYhrM%2FkenytnjgRy0aTcDjD6mqbaV%2FF1owk4ECKHmiWrFHV58bfPEgXKqIxHPcObXymYOMIL8Z13QoAlPdvtIwxQiBvcpe4pPI3IE3BO24JDsds2W5%2B8JzuOP9LoGUr7l7aORlWDCO1yxsZUYp5I9g%2Fh1JHmIl52nVedHOsAldsm8czCR37ChC%2Fq11ohAscqEJjsMdMeqy7j%2B68eleufRse%2B2U9i5xccUIBlr4dB%2FHACX8YsNwqDEuYMCnx3%2B3406HCo%2ByJG0DBvF4xTjDgxuoofFgqVg3khsz2f3SiObI89fk3E4q%2BuXyqLwomvfF7q1BGVE8t9bOIb732DByeH1lOeg94V0JyV28N%2BJgygaXWivAvJqDvLXLeQn5W1qW71JnrIaxsgKZK2iKjioJWlWXjJCBJETa84IAB20W0qG914Oyzha9O6f0fQWgP3Ti87C3TPwEKd2mjH2vV9lO1KwVgAXwyEh9J6nGNJ8LrMo%2FIRYifIoNBiIZmFreiABqsllx92p3ouX111U1POMRqLbKW%2FDI2CHxPzKIS9Ol6r59l9ndeh9EkVX9ubRXISerWczeS3Uj9yxX%2BgJdR6IzK2l%2B%2FGkLY9ZjxQwsG2%2BRN4qVs%2B14AAqkOlQP5v3fCQMMPX8w7JLa4i6fI8X3Mdqh7Yd2kyv2I9rk6KcUPmebpKmR4P%2FzEqX4O5A3%2Fd6XYDx8X9ppBahmQbMOmUZrEzo3tS%2FfdRS6KehiyVlZ9fNVkTczxMAv4xgBC4pm44Q8wDNQUwXPidvZfsxYkGTKNPeEJf05ck4u6o1DAO%2B%2FG7hRsg18bVbybtjUmvS%2BtOAfz9gFCIIILkj8FnAWQy6oo9FwdQ%2BLE6Ao4HPRSWfSMs0M%3D; csrftoken=vspZgVQWBPjoFzlKUNsAS3ilUAC0ckEoEEBK9LYlzFMEcNt7LcHObckKwlPstW43; sessionid=s7mhb8ec71oykp226m1sf19tgxve1joi'}；request_body:b'',
[2021-07-13 09:14:08,929] [basehttp.py:161] [basehttp:log_message] [INFO]- "GET /cms/ HTTP/1.1" 200 6398
[2021-07-13 09:14:08,965] [basehttp.py:161] [basehttp:log_message] [INFO]- "GET /static/component/style/components.css HTTP/1.1" 200 9491
[2021-07-13 09:14:08,968] [basehttp.py:161] [basehttp:log_message] [INFO]- "GET /static/css/themes.css HTTP/1.1" 200 2019
[2021-07-13 09:14:08,970] [basehttp.py:161] [basehttp:log_message] [INFO]- "GET /static/component/plugins/layer/layer.js HTTP/1.1" 200 22081
[2021-07-13 09:14:08,971] [basehttp.py:161] [basehttp:log_message] [INFO]- "GET /static/css/cms_bootstrap.css HTTP/1.1" 200 105029
[2021-07-13 09:14:08,971] [basehttp.py:161] [basehttp:log_message] [INFO]- "GET /static/css/main.css HTTP/1.1" 200 51284
[2021-07-13 09:14:08,973] [basehttp.py:161] [basehttp:log_message] [INFO]- "GET /static/component/js/JQuery2.1.4.js HTTP/1.1" 200 84355
[2021-07-13 09:14:08,973] [basehttp.py:161] [basehttp:log_message] [INFO]- "GET /static/css/plugins.css HTTP/1.1" 200 197714
[2021-07-13 09:14:09,123] [basehttp.py:161] [basehttp:log_message] [INFO]- "GET /static/component/plugins/layer/theme/default/layer.css?v=3.2.0 HTTP/1.1" 200 14367
[2021-07-13 09:14:09,136] [basehttp.py:161] [basehttp:log_message] [INFO]- "GET /static/css/fonts/fontawesome/fontawesome-webfont.woff?v=4.2.0 HTTP/1.1" 200 109
[2021-07-13 09:14:09,136] [basehttp.py:161] [basehttp:log_message] [INFO]- "GET /static/css/fonts/glyphicons.pro/glyphicons-regular.woff HTTP/1.1" 200 103
[2021-07-13 09:14:09,139] [basehttp.py:161] [basehttp:log_message] [INFO]- "GET /cms/controlpanel/ HTTP/1.1" 200 8881
[2021-07-13 09:14:09,197] [basehttp.py:161] [basehttp:log_message] [WARNING]- "GET /static/css/fonts/fontawesome/fontawesome-webfont.ttf?v=4.2.0 HTTP/1.1" 404 1902
[2021-07-13 09:14:09,197] [basehttp.py:161] [basehttp:log_message] [INFO]- "GET /static/component/style/components.css HTTP/1.1" 200 9491
[2021-07-13 09:14:09,198] [basehttp.py:161] [basehttp:log_message] [WARNING]- "GET /static/css/fonts/glyphicons.pro/glyphicons-regular.ttf HTTP/1.1" 404 1900
[2021-07-13 09:14:09,203] [basehttp.py:161] [basehttp:log_message] [INFO]- "GET /static/css/themes.css HTTP/1.1" 200 2019
[2021-07-13 09:14:09,206] [basehttp.py:161] [basehttp:log_message] [INFO]- "GET /static/css/main.css HTTP/1.1" 200 51284
[2021-07-13 09:14:09,209] [basehttp.py:161] [basehttp:log_message] [INFO]- "GET /static/css/cms_bootstrap.css HTTP/1.1" 200 105029
[2021-07-13 09:14:09,213] [basehttp.py:161] [basehttp:log_message] [INFO]- "GET /static/css/sweetalert.css HTTP/1.1" 200 22898
[2021-07-13 09:14:09,213] [basehttp.py:161] [basehttp:log_message] [INFO]- "GET /static/js/ccajax.js HTTP/1.1" 200 2399
[2021-07-13 09:14:09,214] [basehttp.py:161] [basehttp:log_message] [INFO]- "GET /static/js/message.js HTTP/1.1" 200 3347
[2021-07-13 09:14:09,218] [basehttp.py:161] [basehttp:log_message] [INFO]- "GET /static/component/plugins/layer/layer.js HTTP/1.1" 200 22081
[2021-07-13 09:14:09,219] [basehttp.py:161] [basehttp:log_message] [INFO]- "GET /static/js/CmUser.js HTTP/1.1" 200 10561
[2021-07-13 09:14:09,220] [basehttp.py:161] [basehttp:log_message] [INFO]- "GET /static/component/js/JQuery2.1.4.js HTTP/1.1" 200 84355
[2021-07-13 09:14:09,221] [basehttp.py:161] [basehttp:log_message] [INFO]- "GET /static/js/sweetalert.min.js HTTP/1.1" 200 16999
[2021-07-13 09:14:09,221] [basehttp.py:161] [basehttp:log_message] [INFO]- "GET /static/css/plugins.css HTTP/1.1" 200 197714
[2021-07-13 09:14:09,304] [basehttp.py:161] [basehttp:log_message] [INFO]- "GET /static/component/plugins/layer/theme/default/layer.css?v=3.2.0 HTTP/1.1" 200 14367
[2021-07-13 09:14:09,314] [basehttp.py:161] [basehttp:log_message] [INFO]- "GET /static/css/fonts/fontawesome/fontawesome-webfont.woff?v=4.2.0 HTTP/1.1" 200 109
[2021-07-13 09:14:09,340] [basehttp.py:161] [basehttp:log_message] [WARNING]- "GET /static/css/fonts/fontawesome/fontawesome-webfont.ttf?v=4.2.0 HTTP/1.1" 404 1902
[2021-07-13 09:14:09,426] [log.py:230] [log:log_response] [WARNING]- Not Found: /favicon.ico
[2021-07-13 09:14:09,426] [basehttp.py:161] [basehttp:log_message] [WARNING]- "GET /favicon.ico HTTP/1.1" 404 2771
[2021-07-13 09:14:26,091] [basehttp.py:161] [basehttp:log_message] [INFO]- "GET /cms/administrators/ HTTP/1.1" 200 10204
[2021-07-13 09:14:26,200] [basehttp.py:161] [basehttp:log_message] [WARNING]- "GET /static/css/fonts/fontawesome/fontawesome-webfont.ttf?v=4.2.0 HTTP/1.1" 404 1902
[2021-07-13 09:18:46,048] [basehttp.py:161] [basehttp:log_message] [INFO]- "GET /cms/creat_admin/ HTTP/1.1" 200 3333
[2021-07-13 09:18:46,146] [basehttp.py:161] [basehttp:log_message] [WARNING]- "GET /static/css/fonts/fontawesome/fontawesome-webfont.ttf?v=4.2.0 HTTP/1.1" 404 1902
[2021-07-13 09:18:49,989] [basehttp.py:161] [basehttp:log_message] [INFO]- "GET /cms/administrators/ HTTP/1.1" 200 10204
[2021-07-13 09:18:50,099] [basehttp.py:161] [basehttp:log_message] [WARNING]- "GET /static/css/fonts/fontawesome/fontawesome-webfont.ttf?v=4.2.0 HTTP/1.1" 404 1902
[2021-07-13 09:19:42,733] [views.py:26] [views:cms_index] [INFO]- 请求成功！ 用户:17628508386进入猿泓cms管理后台！；response_headers:{'Content-Length': '', 'Content-Type': 'text/plain', 'Host': '127.0.0.1:8000', 'Connection': 'keep-alive', 'Pragma': 'no-cache', 'Cache-Control': 'no-cache', 'Sec-Ch-Ua': '" Not;A Brand";v="99", "Google Chrome";v="91", "Chromium";v="91"', 'Sec-Ch-Ua-Mobile': '?0', 'Upgrade-Insecure-Requests': '1', 'User-Agent': 'Mozilla/5.0 (Windows NT 10.0; Win64; x64) AppleWebKit/537.36 (KHTML, like Gecko) Chrome/91.0.4472.124 Safari/537.36', 'Accept': 'text/html,application/xhtml+xml,application/xml;q=0.9,image/avif,image/webp,image/apng,*/*;q=0.8,application/signed-exchange;v=b3;q=0.9', 'Sec-Fetch-Site': 'none', 'Sec-Fetch-Mode': 'navigate', 'Sec-Fetch-User': '?1', 'Sec-Fetch-Dest': 'document', 'Accept-Encoding': 'gzip, deflate, br', 'Accept-Language': 'zh-CN,zh;q=0.9', 'Cookie': 'userId=19310320117; saveMe=true; userPW=15328362628wyh; Token=WSRY3OWTOZWZf4VB5qKN0wP1dHgv9DfV7Y%2ByFsb2GT%2BbdxFmddJpXWswKZ9O%2BkVFZEdkeLaOgP2WUuVStoweyc%2BgrD7MXam0n2sAjCNYD2w96Hu6fLIoVFxTvovCgc99PnSmbgyBIR6iKm0zlGfmsEuFtXovLckFqbVfWQiSRc5eizfcWYD%2BIkJAkTVnGmKAY%2BWEw8O3QWx8Gr48gJ0eQsTFpF8xvLuW%2FFkzXXN0XqI1Bsxrr1V1WOGSdXN1jAon5Jgo5zqCr3zkmLbvrfjscGS1v3Aj7jdw3StDWZLqANohCx0a8FgI75iZBCp4RMxR4%2BA21MjACgc%2FOiBPPWrYAg48YSUWYenIDC6inBYhrM%2FkenytnjgRy0aTcDjD6mqbaV%2FF1owk4ECKHmiWrFHV58bfPEgXKqIxHPcObXymYOMIL8Z13QoAlPdvtIwxQiBvcpe4pPI3IE3BO24JDsds2W5%2B8JzuOP9LoGUr7l7aORlWDCO1yxsZUYp5I9g%2Fh1JHmIl52nVedHOsAldsm8czCR37ChC%2Fq11ohAscqEJjsMdMeqy7j%2B68eleufRse%2B2U9i5xccUIBlr4dB%2FHACX8YsNwqDEuYMCnx3%2B3406HCo%2ByJG0DBvF4xTjDgxuoofFgqVg3khsz2f3SiObI89fk3E4q%2BuXyqLwomvfF7q1BGVE8t9bOIb732DByeH1lOeg94V0JyV28N%2BJgygaXWivAvJqDvLXLeQn5W1qW71JnrIaxsgKZK2iKjioJWlWXjJCBJETa84IAB20W0qG914Oyzha9O6f0fQWgP3Ti87C3TPwEKd2mjH2vV9lO1KwVgAXwyEh9J6nGNJ8LrMo%2FIRYifIoNBiIZmFreiABqsllx92p3ouX111U1POMRqLbKW%2FDI2CHxPzKIS9Ol6r59l9ndeh9EkVX9ubRXISerWczeS3Uj9yxX%2BgJdR6IzK2l%2B%2FGkLY9ZjxQwsG2%2BRN4qVs%2B14AAqkOlQP5v3fCQMMPX8w7JLa4i6fI8X3Mdqh7Yd2kyv2I9rk6KcUPmebpKmR4P%2FzEqX4O5A3%2Fd6XYDx8X9ppBahmQbMOmUZrEzo3tS%2FfdRS6KehiyVlZ9fNVkTczxMAv4xgBC4pm44Q8wDNQUwXPidvZfsxYkGTKNPeEJf05ck4u6o1DAO%2B%2FG7hRsg18bVbybtjUmvS%2BtOAfz9gFCIIILkj8FnAWQy6oo9FwdQ%2BLE6Ao4HPRSWfSMs0M%3D; csrftoken=vspZgVQWBPjoFzlKUNsAS3ilUAC0ckEoEEBK9LYlzFMEcNt7LcHObckKwlPstW43; sessionid=s7mhb8ec71oykp226m1sf19tgxve1joi'}；request_body:b'',
[2021-07-13 09:19:42,737] [basehttp.py:161] [basehttp:log_message] [INFO]- "GET /cms/ HTTP/1.1" 200 6398
[2021-07-13 09:19:42,774] [basehttp.py:161] [basehttp:log_message] [INFO]- "GET /static/component/style/components.css HTTP/1.1" 200 9491
[2021-07-13 09:19:42,779] [basehttp.py:161] [basehttp:log_message] [INFO]- "GET /static/css/themes.css HTTP/1.1" 200 2019
[2021-07-13 09:19:42,781] [basehttp.py:161] [basehttp:log_message] [INFO]- "GET /static/component/plugins/layer/layer.js HTTP/1.1" 200 22081
[2021-07-13 09:19:42,781] [basehttp.py:161] [basehttp:log_message] [INFO]- "GET /static/css/main.css HTTP/1.1" 200 51284
[2021-07-13 09:19:42,783] [basehttp.py:161] [basehttp:log_message] [INFO]- "GET /static/css/cms_bootstrap.css HTTP/1.1" 200 105029
[2021-07-13 09:19:42,784] [basehttp.py:161] [basehttp:log_message] [INFO]- "GET /static/component/js/JQuery2.1.4.js HTTP/1.1" 200 84355
[2021-07-13 09:19:42,785] [basehttp.py:161] [basehttp:log_message] [INFO]- "GET /static/css/plugins.css HTTP/1.1" 200 197714
[2021-07-13 09:19:43,004] [basehttp.py:161] [basehttp:log_message] [INFO]- "GET /static/component/plugins/layer/theme/default/layer.css?v=3.2.0 HTTP/1.1" 200 14367
[2021-07-13 09:19:43,013] [basehttp.py:161] [basehttp:log_message] [INFO]- "GET /static/css/fonts/fontawesome/fontawesome-webfont.woff?v=4.2.0 HTTP/1.1" 200 109
[2021-07-13 09:19:43,014] [basehttp.py:161] [basehttp:log_message] [INFO]- "GET /static/css/fonts/glyphicons.pro/glyphicons-regular.woff HTTP/1.1" 200 103
[2021-07-13 09:19:43,018] [basehttp.py:161] [basehttp:log_message] [INFO]- "GET /cms/controlpanel/ HTTP/1.1" 200 8881
[2021-07-13 09:19:43,052] [basehttp.py:161] [basehttp:log_message] [WARNING]- "GET /static/css/fonts/fontawesome/fontawesome-webfont.ttf?v=4.2.0 HTTP/1.1" 404 1902
[2021-07-13 09:19:43,052] [basehttp.py:161] [basehttp:log_message] [WARNING]- "GET /static/css/fonts/glyphicons.pro/glyphicons-regular.ttf HTTP/1.1" 404 1900
[2021-07-13 09:19:43,053] [basehttp.py:161] [basehttp:log_message] [INFO]- "GET /static/component/style/components.css HTTP/1.1" 200 9491
[2021-07-13 09:19:43,055] [basehttp.py:161] [basehttp:log_message] [INFO]- "GET /static/css/main.css HTTP/1.1" 200 51284
[2021-07-13 09:19:43,061] [basehttp.py:161] [basehttp:log_message] [INFO]- "GET /static/css/themes.css HTTP/1.1" 200 2019
[2021-07-13 09:19:43,062] [basehttp.py:161] [basehttp:log_message] [INFO]- "GET /static/css/cms_bootstrap.css HTTP/1.1" 200 105029
[2021-07-13 09:19:43,064] [basehttp.py:161] [basehttp:log_message] [INFO]- "GET /static/js/ccajax.js HTTP/1.1" 200 2399
[2021-07-13 09:19:43,067] [basehttp.py:161] [basehttp:log_message] [INFO]- "GET /static/css/sweetalert.css HTTP/1.1" 200 22898
[2021-07-13 09:19:43,070] [basehttp.py:161] [basehttp:log_message] [INFO]- "GET /static/js/message.js HTTP/1.1" 200 3347
[2021-07-13 09:19:43,071] [basehttp.py:161] [basehttp:log_message] [INFO]- "GET /static/component/js/JQuery2.1.4.js HTTP/1.1" 200 84355
[2021-07-13 09:19:43,071] [basehttp.py:161] [basehttp:log_message] [INFO]- "GET /static/component/plugins/layer/layer.js HTTP/1.1" 200 22081
[2021-07-13 09:19:43,072] [basehttp.py:161] [basehttp:log_message] [INFO]- "GET /static/js/sweetalert.min.js HTTP/1.1" 200 16999
[2021-07-13 09:19:43,072] [basehttp.py:161] [basehttp:log_message] [INFO]- "GET /static/js/CmUser.js HTTP/1.1" 200 12192
[2021-07-13 09:19:43,073] [basehttp.py:161] [basehttp:log_message] [INFO]- "GET /static/css/plugins.css HTTP/1.1" 200 197714
[2021-07-13 09:19:43,201] [basehttp.py:161] [basehttp:log_message] [INFO]- "GET /static/component/plugins/layer/theme/default/layer.css?v=3.2.0 HTTP/1.1" 200 14367
[2021-07-13 09:19:43,208] [basehttp.py:161] [basehttp:log_message] [INFO]- "GET /static/css/fonts/fontawesome/fontawesome-webfont.woff?v=4.2.0 HTTP/1.1" 200 109
[2021-07-13 09:19:43,224] [basehttp.py:161] [basehttp:log_message] [WARNING]- "GET /static/css/fonts/fontawesome/fontawesome-webfont.ttf?v=4.2.0 HTTP/1.1" 404 1902
[2021-07-13 09:19:43,327] [log.py:230] [log:log_response] [WARNING]- Not Found: /favicon.ico
[2021-07-13 09:19:43,327] [basehttp.py:161] [basehttp:log_message] [WARNING]- "GET /favicon.ico HTTP/1.1" 404 2771
[2021-07-13 09:19:44,290] [basehttp.py:161] [basehttp:log_message] [INFO]- "GET /cms/administrators/ HTTP/1.1" 200 10204
[2021-07-13 09:19:44,393] [basehttp.py:161] [basehttp:log_message] [WARNING]- "GET /static/css/fonts/fontawesome/fontawesome-webfont.ttf?v=4.2.0 HTTP/1.1" 404 1902
[2021-07-13 09:19:47,206] [views.py:94] [views:post] [INFO]- 请求成功！ 用户:17628508386将17628508386的账户密码！将17628508386:pbkdf2_sha1$260000$a$Mmr/S47+jQUm31Lp+MBEE+bF1Qo=修改为17628508386:
[2021-07-13 09:19:47,210] [basehttp.py:161] [basehttp:log_message] [INFO]- "POST /cms/user/ HTTP/1.1" 200 42
[2021-07-13 09:19:47,231] [log.py:230] [log:log_response] [WARNING]- Not Found: /cms/send_sms/
[2021-07-13 09:19:47,231] [basehttp.py:161] [basehttp:log_message] [WARNING]- "POST /cms/send_sms/ HTTP/1.1" 404 5302
[2021-07-13 09:19:49,604] [log.py:230] [log:log_response] [WARNING]- Not Found: /cms/user/
[2021-07-13 09:19:49,604] [basehttp.py:161] [basehttp:log_message] [WARNING]- "POST /cms/user/ HTTP/1.1" 404 3872
[2021-07-13 09:19:54,197] [log.py:230] [log:log_response] [WARNING]- Not Found: /cms/user/
[2021-07-13 09:19:54,197] [basehttp.py:161] [basehttp:log_message] [WARNING]- "POST /cms/user/ HTTP/1.1" 404 3872
[2021-07-13 09:19:56,383] [log.py:230] [log:log_response] [WARNING]- Not Found: /cms/user/
[2021-07-13 09:19:56,384] [basehttp.py:161] [basehttp:log_message] [WARNING]- "POST /cms/user/ HTTP/1.1" 404 3872
[2021-07-13 09:20:03,481] [log.py:230] [log:log_response] [WARNING]- Not Found: /cms/user/
[2021-07-13 09:20:03,482] [basehttp.py:161] [basehttp:log_message] [WARNING]- "POST /cms/user/ HTTP/1.1" 404 3872
[2021-07-13 09:20:10,709] [log.py:230] [log:log_response] [WARNING]- Not Found: /cms/administrators/
[2021-07-13 09:20:10,710] [basehttp.py:161] [basehttp:log_message] [WARNING]- "GET /cms/administrators/ HTTP/1.1" 404 3742
[2021-07-13 09:20:33,756] [basehttp.py:161] [basehttp:log_message] [INFO]- "GET / HTTP/1.1" 200 10177
[2021-07-13 09:20:33,826] [basehttp.py:161] [basehttp:log_message] [WARNING]- "GET /static/images/blog/5.jpg HTTP/1.1" 404 1810
[2021-07-13 09:20:33,857] [basehttp.py:161] [basehttp:log_message] [WARNING]- "GET /static/js/bootstrap.min.js.map HTTP/1.1" 404 1828
[2021-07-13 09:20:33,876] [basehttp.py:161] [basehttp:log_message] [WARNING]- "GET /static/fonts/themify.ttf HTTP/1.1" 404 1810
[2021-07-13 09:20:33,897] [basehttp.py:161] [basehttp:log_message] [WARNING]- "GET /static/img/favicon.png HTTP/1.1" 404 1804
[2021-07-13 09:20:35,357] [basehttp.py:161] [basehttp:log_message] [INFO]- "GET /map/map/ HTTP/1.1" 302 0
[2021-07-13 09:20:35,362] [basehttp.py:161] [basehttp:log_message] [INFO]- "GET /auth/login/?next=/map/map/ HTTP/1.1" 200 2799
[2021-07-13 09:21:34,386] [basehttp.py:161] [basehttp:log_message] [INFO]- "POST /auth/login/ HTTP/1.1" 200 96
[2021-07-13 09:21:37,399] [basehttp.py:161] [basehttp:log_message] [INFO]- "GET /auth/login/?next=/map/map/ HTTP/1.1" 200 2799
[2021-07-13 09:21:42,686] [basehttp.py:161] [basehttp:log_message] [INFO]- "POST /auth/login/ HTTP/1.1" 200 96
[2021-07-13 09:21:45,696] [basehttp.py:161] [basehttp:log_message] [INFO]- "GET /auth/login/?next=/map/map/ HTTP/1.1" 200 2799
[2021-07-13 09:21:53,175] [basehttp.py:161] [basehttp:log_message] [INFO]- "POST /auth/login/ HTTP/1.1" 200 96
[2021-07-13 09:21:56,188] [basehttp.py:161] [basehttp:log_message] [INFO]- "GET /auth/login/?next=/map/map/ HTTP/1.1" 200 2799
[2021-07-13 09:22:09,007] [basehttp.py:161] [basehttp:log_message] [INFO]- "POST /auth/login/ HTTP/1.1" 200 45
[2021-07-13 09:22:09,022] [basehttp.py:161] [basehttp:log_message] [INFO]- "GET /map/map/ HTTP/1.1" 200 2519
[2021-07-13 09:22:12,153] [views.py:26] [views:cms_index] [INFO]- 请求成功！ 用户:17628508386进入猿泓cms管理后台！；response_headers:{'Content-Length': '', 'Content-Type': 'text/plain', 'Host': '127.0.0.1:8000', 'Connection': 'keep-alive', 'Upgrade-Insecure-Requests': '1', 'User-Agent': 'Mozilla/5.0 (Windows NT 10.0; Win64; x64) AppleWebKit/537.36 (KHTML, like Gecko) Chrome/91.0.4472.124 Safari/537.36', 'Accept': 'text/html,application/xhtml+xml,application/xml;q=0.9,image/avif,image/webp,image/apng,*/*;q=0.8,application/signed-exchange;v=b3;q=0.9', 'Purpose': 'prefetch', 'Sec-Fetch-Site': 'none', 'Sec-Fetch-Mode': 'navigate', 'Sec-Fetch-User': '?1', 'Sec-Fetch-Dest': 'document', 'Sec-Ch-Ua': '" Not;A Brand";v="99", "Google Chrome";v="91", "Chromium";v="91"', 'Sec-Ch-Ua-Mobile': '?0', 'Accept-Encoding': 'gzip, deflate, br', 'Accept-Language': 'zh-CN,zh;q=0.9', 'Cookie': 'userId=19310320117; saveMe=true; userPW=15328362628wyh; Token=WSRY3OWTOZWZf4VB5qKN0wP1dHgv9DfV7Y%2ByFsb2GT%2BbdxFmddJpXWswKZ9O%2BkVFZEdkeLaOgP2WUuVStoweyc%2BgrD7MXam0n2sAjCNYD2w96Hu6fLIoVFxTvovCgc99PnSmbgyBIR6iKm0zlGfmsEuFtXovLckFqbVfWQiSRc5eizfcWYD%2BIkJAkTVnGmKAY%2BWEw8O3QWx8Gr48gJ0eQsTFpF8xvLuW%2FFkzXXN0XqI1Bsxrr1V1WOGSdXN1jAon5Jgo5zqCr3zkmLbvrfjscGS1v3Aj7jdw3StDWZLqANohCx0a8FgI75iZBCp4RMxR4%2BA21MjACgc%2FOiBPPWrYAg48YSUWYenIDC6inBYhrM%2FkenytnjgRy0aTcDjD6mqbaV%2FF1owk4ECKHmiWrFHV58bfPEgXKqIxHPcObXymYOMIL8Z13QoAlPdvtIwxQiBvcpe4pPI3IE3BO24JDsds2W5%2B8JzuOP9LoGUr7l7aORlWDCO1yxsZUYp5I9g%2Fh1JHmIl52nVedHOsAldsm8czCR37ChC%2Fq11ohAscqEJjsMdMeqy7j%2B68eleufRse%2B2U9i5xccUIBlr4dB%2FHACX8YsNwqDEuYMCnx3%2B3406HCo%2ByJG0DBvF4xTjDgxuoofFgqVg3khsz2f3SiObI89fk3E4q%2BuXyqLwomvfF7q1BGVE8t9bOIb732DByeH1lOeg94V0JyV28N%2BJgygaXWivAvJqDvLXLeQn5W1qW71JnrIaxsgKZK2iKjioJWlWXjJCBJETa84IAB20W0qG914Oyzha9O6f0fQWgP3Ti87C3TPwEKd2mjH2vV9lO1KwVgAXwyEh9J6nGNJ8LrMo%2FIRYifIoNBiIZmFreiABqsllx92p3ouX111U1POMRqLbKW%2FDI2CHxPzKIS9Ol6r59l9ndeh9EkVX9ubRXISerWczeS3Uj9yxX%2BgJdR6IzK2l%2B%2FGkLY9ZjxQwsG2%2BRN4qVs%2B14AAqkOlQP5v3fCQMMPX8w7JLa4i6fI8X3Mdqh7Yd2kyv2I9rk6KcUPmebpKmR4P%2FzEqX4O5A3%2Fd6XYDx8X9ppBahmQbMOmUZrEzo3tS%2FfdRS6KehiyVlZ9fNVkTczxMAv4xgBC4pm44Q8wDNQUwXPidvZfsxYkGTKNPeEJf05ck4u6o1DAO%2B%2FG7hRsg18bVbybtjUmvS%2BtOAfz9gFCIIILkj8FnAWQy6oo9FwdQ%2BLE6Ao4HPRSWfSMs0M%3D; csrftoken=p7LCozAPEm0451XAk0rAEv4eEtkKfOqZtpeFfxhmnplAARCl8xk3XBAe50cIto2K; sessionid=z3zzburkgytxfbf7golz9pwmcg9d66nx'}；request_body:b'',
[2021-07-13 09:22:12,158] [basehttp.py:161] [basehttp:log_message] [INFO]- "GET /cms/ HTTP/1.1" 200 6398
[2021-07-13 09:22:12,701] [basehttp.py:161] [basehttp:log_message] [INFO]- "GET /cms/controlpanel/ HTTP/1.1" 200 8881
[2021-07-13 09:22:12,714] [basehttp.py:161] [basehttp:log_message] [WARNING]- "GET /static/css/fonts/glyphicons.pro/glyphicons-regular.ttf HTTP/1.1" 404 1900
[2021-07-13 09:22:12,715] [basehttp.py:161] [basehttp:log_message] [INFO]- "GET /static/js/CmUser.js HTTP/1.1" 304 0
[2021-07-13 09:22:12,716] [basehttp.py:161] [basehttp:log_message] [WARNING]- "GET /static/css/fonts/fontawesome/fontawesome-webfont.ttf?v=4.2.0 HTTP/1.1" 404 1902
[2021-07-13 09:22:15,400] [basehttp.py:161] [basehttp:log_message] [INFO]- "GET /cms/user/ HTTP/1.1" 200 7121
[2021-07-13 09:22:15,454] [basehttp.py:161] [basehttp:log_message] [WARNING]- "GET /static/css/fonts/fontawesome/fontawesome-webfont.ttf?v=4.2.0 HTTP/1.1" 404 1902
[2021-07-13 09:22:19,626] [views.py:94] [views:post] [INFO]- 请求成功！ 用户:17628508386将17628508386的账户密码！将17628508386:pbkdf2_sha1$260000$a$Mmr/S47+jQUm31Lp+MBEE+bF1Qo=修改为17628508386:
[2021-07-13 09:22:19,630] [basehttp.py:161] [basehttp:log_message] [INFO]- "POST /cms/user/ HTTP/1.1" 200 42
[2021-07-13 09:22:19,647] [log.py:230] [log:log_response] [WARNING]- Not Found: /cms/send_sms/
[2021-07-13 09:22:19,648] [basehttp.py:161] [basehttp:log_message] [WARNING]- "POST /cms/send_sms/ HTTP/1.1" 404 5302
[2021-07-13 09:23:01,221] [log.py:230] [log:log_response] [WARNING]- Not Found: /cms/user/
[2021-07-13 09:23:01,222] [basehttp.py:161] [basehttp:log_message] [WARNING]- "POST /cms/user/ HTTP/1.1" 404 3872
[2021-07-13 09:23:08,792] [log.py:230] [log:log_response] [WARNING]- Not Found: /cms/user/
[2021-07-13 09:23:08,793] [basehttp.py:161] [basehttp:log_message] [WARNING]- "GET /cms/user/ HTTP/1.1" 404 3871
[2021-07-13 09:23:09,568] [log.py:230] [log:log_response] [WARNING]- Not Found: /cms/user/
[2021-07-13 09:23:09,568] [basehttp.py:161] [basehttp:log_message] [WARNING]- "GET /cms/user/ HTTP/1.1" 404 3871
[2021-07-13 09:23:09,734] [log.py:230] [log:log_response] [WARNING]- Not Found: /cms/user/
[2021-07-13 09:23:09,735] [basehttp.py:161] [basehttp:log_message] [WARNING]- "GET /cms/user/ HTTP/1.1" 404 3871
[2021-07-13 09:23:09,908] [log.py:230] [log:log_response] [WARNING]- Not Found: /cms/user/
[2021-07-13 09:23:09,908] [basehttp.py:161] [basehttp:log_message] [WARNING]- "GET /cms/user/ HTTP/1.1" 404 3871
[2021-07-13 09:23:10,075] [log.py:230] [log:log_response] [WARNING]- Not Found: /cms/user/
[2021-07-13 09:23:10,075] [basehttp.py:161] [basehttp:log_message] [WARNING]- "GET /cms/user/ HTTP/1.1" 404 3871
[2021-07-13 09:23:10,261] [log.py:230] [log:log_response] [WARNING]- Not Found: /cms/user/
[2021-07-13 09:23:10,261] [basehttp.py:161] [basehttp:log_message] [WARNING]- "GET /cms/user/ HTTP/1.1" 404 3871
[2021-07-13 09:23:10,429] [log.py:230] [log:log_response] [WARNING]- Not Found: /cms/user/
[2021-07-13 09:23:10,430] [basehttp.py:161] [basehttp:log_message] [WARNING]- "GET /cms/user/ HTTP/1.1" 404 3871
[2021-07-13 09:23:10,623] [log.py:230] [log:log_response] [WARNING]- Not Found: /cms/user/
[2021-07-13 09:23:10,623] [basehttp.py:161] [basehttp:log_message] [WARNING]- "GET /cms/user/ HTTP/1.1" 404 3871
[2021-07-13 09:23:10,814] [log.py:230] [log:log_response] [WARNING]- Not Found: /cms/user/
[2021-07-13 09:23:10,815] [basehttp.py:161] [basehttp:log_message] [WARNING]- "GET /cms/user/ HTTP/1.1" 404 3871
[2021-07-13 09:23:10,997] [log.py:230] [log:log_response] [WARNING]- Not Found: /cms/user/
[2021-07-13 09:23:10,997] [basehttp.py:161] [basehttp:log_message] [WARNING]- "GET /cms/user/ HTTP/1.1" 404 3871
[2021-07-13 09:23:11,178] [log.py:230] [log:log_response] [WARNING]- Not Found: /cms/user/
[2021-07-13 09:23:11,179] [basehttp.py:161] [basehttp:log_message] [WARNING]- "GET /cms/user/ HTTP/1.1" 404 3871
[2021-07-13 09:23:11,349] [log.py:230] [log:log_response] [WARNING]- Not Found: /cms/user/
[2021-07-13 09:23:11,350] [basehttp.py:161] [basehttp:log_message] [WARNING]- "GET /cms/user/ HTTP/1.1" 404 3871
[2021-07-13 09:23:11,527] [log.py:230] [log:log_response] [WARNING]- Not Found: /cms/user/
[2021-07-13 09:23:11,527] [basehttp.py:161] [basehttp:log_message] [WARNING]- "GET /cms/user/ HTTP/1.1" 404 3871
[2021-07-13 09:23:11,700] [log.py:230] [log:log_response] [WARNING]- Not Found: /cms/user/
[2021-07-13 09:23:11,701] [basehttp.py:161] [basehttp:log_message] [WARNING]- "GET /cms/user/ HTTP/1.1" 404 3871
[2021-07-13 09:23:11,848] [log.py:230] [log:log_response] [WARNING]- Not Found: /cms/user/
[2021-07-13 09:23:11,848] [basehttp.py:161] [basehttp:log_message] [WARNING]- "GET /cms/user/ HTTP/1.1" 404 3871
[2021-07-13 09:23:20,727] [log.py:230] [log:log_response] [WARNING]- Not Found: /cms/controlpanel/
[2021-07-13 09:23:20,728] [basehttp.py:161] [basehttp:log_message] [WARNING]- "GET /cms/controlpanel/ HTTP/1.1" 404 3008
[2021-07-13 09:23:21,483] [log.py:230] [log:log_response] [WARNING]- Not Found: /cms/controlpanel/
[2021-07-13 09:23:21,483] [basehttp.py:161] [basehttp:log_message] [WARNING]- "GET /cms/controlpanel/ HTTP/1.1" 404 3008
[2021-07-13 09:23:22,549] [log.py:230] [log:log_response] [WARNING]- Not Found: /cms/banners/
[2021-07-13 09:23:22,549] [basehttp.py:161] [basehttp:log_message] [WARNING]- "GET /cms/banners/ HTTP/1.1" 404 3163
[2021-07-13 09:23:23,299] [log.py:230] [log:log_response] [WARNING]- Not Found: /cms/picture_create/
[2021-07-13 09:23:23,299] [basehttp.py:161] [basehttp:log_message] [WARNING]- "GET /cms/picture_create/ HTTP/1.1" 404 3380
[2021-07-13 09:23:31,216] [log.py:230] [log:log_response] [WARNING]- Not Found: /cms/
[2021-07-13 09:23:31,216] [basehttp.py:161] [basehttp:log_message] [WARNING]- "GET /cms/ HTTP/1.1" 404 2781
[2021-07-13 09:25:09,370] [autoreload.py:251] [autoreload:trigger_reload] [INFO]- D:\pycharm_File\mandao\apps\cms\views.py changed, reloading.
[2021-07-13 09:25:10,646] [autoreload.py:637] [autoreload:run_with_reloader] [INFO]- Watching for file changes with StatReloader
[2021-07-13 09:25:13,625] [basehttp.py:161] [basehttp:log_message] [INFO]- "GET / HTTP/1.1" 200 10177
[2021-07-13 09:25:13,680] [basehttp.py:161] [basehttp:log_message] [WARNING]- "GET /static/images/blog/5.jpg HTTP/1.1" 404 1810
[2021-07-13 09:25:13,713] [basehttp.py:161] [basehttp:log_message] [WARNING]- "GET /static/fonts/themify.ttf HTTP/1.1" 404 1810
[2021-07-13 09:25:14,877] [basehttp.py:161] [basehttp:log_message] [INFO]- "GET /map/map/ HTTP/1.1" 302 0
[2021-07-13 09:25:14,881] [basehttp.py:161] [basehttp:log_message] [INFO]- "GET /auth/login/?next=/map/map/ HTTP/1.1" 200 2799
[2021-07-13 09:25:19,635] [basehttp.py:161] [basehttp:log_message] [INFO]- "POST /auth/login/ HTTP/1.1" 200 96
[2021-07-13 09:25:22,646] [basehttp.py:161] [basehttp:log_message] [INFO]- "GET /auth/login/?next=/map/map/ HTTP/1.1" 200 2799
[2021-07-13 09:25:34,948] [basehttp.py:161] [basehttp:log_message] [INFO]- "POST /auth/login/ HTTP/1.1" 200 45
[2021-07-13 09:25:34,964] [basehttp.py:161] [basehttp:log_message] [INFO]- "GET /map/map/ HTTP/1.1" 200 2519
[2021-07-13 09:25:37,809] [views.py:26] [views:cms_index] [INFO]- 请求成功！ 用户:17628508386进入猿泓cms管理后台！；response_headers:{'Content-Length': '', 'Content-Type': 'text/plain', 'Host': '127.0.0.1:8000', 'Connection': 'keep-alive', 'Upgrade-Insecure-Requests': '1', 'User-Agent': 'Mozilla/5.0 (Windows NT 10.0; Win64; x64) AppleWebKit/537.36 (KHTML, like Gecko) Chrome/91.0.4472.124 Safari/537.36', 'Accept': 'text/html,application/xhtml+xml,application/xml;q=0.9,image/avif,image/webp,image/apng,*/*;q=0.8,application/signed-exchange;v=b3;q=0.9', 'Sec-Fetch-Site': 'none', 'Sec-Fetch-Mode': 'navigate', 'Sec-Fetch-User': '?1', 'Sec-Fetch-Dest': 'document', 'Sec-Ch-Ua': '" Not;A Brand";v="99", "Google Chrome";v="91", "Chromium";v="91"', 'Sec-Ch-Ua-Mobile': '?0', 'Accept-Encoding': 'gzip, deflate, br', 'Accept-Language': 'zh-CN,zh;q=0.9', 'Cookie': 'userId=19310320117; saveMe=true; userPW=15328362628wyh; Token=WSRY3OWTOZWZf4VB5qKN0wP1dHgv9DfV7Y%2ByFsb2GT%2BbdxFmddJpXWswKZ9O%2BkVFZEdkeLaOgP2WUuVStoweyc%2BgrD7MXam0n2sAjCNYD2w96Hu6fLIoVFxTvovCgc99PnSmbgyBIR6iKm0zlGfmsEuFtXovLckFqbVfWQiSRc5eizfcWYD%2BIkJAkTVnGmKAY%2BWEw8O3QWx8Gr48gJ0eQsTFpF8xvLuW%2FFkzXXN0XqI1Bsxrr1V1WOGSdXN1jAon5Jgo5zqCr3zkmLbvrfjscGS1v3Aj7jdw3StDWZLqANohCx0a8FgI75iZBCp4RMxR4%2BA21MjACgc%2FOiBPPWrYAg48YSUWYenIDC6inBYhrM%2FkenytnjgRy0aTcDjD6mqbaV%2FF1owk4ECKHmiWrFHV58bfPEgXKqIxHPcObXymYOMIL8Z13QoAlPdvtIwxQiBvcpe4pPI3IE3BO24JDsds2W5%2B8JzuOP9LoGUr7l7aORlWDCO1yxsZUYp5I9g%2Fh1JHmIl52nVedHOsAldsm8czCR37ChC%2Fq11ohAscqEJjsMdMeqy7j%2B68eleufRse%2B2U9i5xccUIBlr4dB%2FHACX8YsNwqDEuYMCnx3%2B3406HCo%2ByJG0DBvF4xTjDgxuoofFgqVg3khsz2f3SiObI89fk3E4q%2BuXyqLwomvfF7q1BGVE8t9bOIb732DByeH1lOeg94V0JyV28N%2BJgygaXWivAvJqDvLXLeQn5W1qW71JnrIaxsgKZK2iKjioJWlWXjJCBJETa84IAB20W0qG914Oyzha9O6f0fQWgP3Ti87C3TPwEKd2mjH2vV9lO1KwVgAXwyEh9J6nGNJ8LrMo%2FIRYifIoNBiIZmFreiABqsllx92p3ouX111U1POMRqLbKW%2FDI2CHxPzKIS9Ol6r59l9ndeh9EkVX9ubRXISerWczeS3Uj9yxX%2BgJdR6IzK2l%2B%2FGkLY9ZjxQwsG2%2BRN4qVs%2B14AAqkOlQP5v3fCQMMPX8w7JLa4i6fI8X3Mdqh7Yd2kyv2I9rk6KcUPmebpKmR4P%2FzEqX4O5A3%2Fd6XYDx8X9ppBahmQbMOmUZrEzo3tS%2FfdRS6KehiyVlZ9fNVkTczxMAv4xgBC4pm44Q8wDNQUwXPidvZfsxYkGTKNPeEJf05ck4u6o1DAO%2B%2FG7hRsg18bVbybtjUmvS%2BtOAfz9gFCIIILkj8FnAWQy6oo9FwdQ%2BLE6Ao4HPRSWfSMs0M%3D; csrftoken=xjfOlD0YWq6bCg8mRQH3hyfpk7p0MVAYDp0HlTsl014zkScHEbDvYjwKygb7olk9; sessionid=afr4ghryx5xf3m1kui5nz3m1tejti16q'}；request_body:b'',
[2021-07-13 09:25:37,831] [basehttp.py:161] [basehttp:log_message] [INFO]- "GET /cms/ HTTP/1.1" 200 6398
[2021-07-13 09:25:37,898] [basehttp.py:161] [basehttp:log_message] [WARNING]- "GET /static/css/fonts/glyphicons.pro/glyphicons-regular.ttf HTTP/1.1" 404 1900
[2021-07-13 09:25:37,900] [basehttp.py:161] [basehttp:log_message] [WARNING]- "GET /static/css/fonts/fontawesome/fontawesome-webfont.ttf?v=4.2.0 HTTP/1.1" 404 1902
[2021-07-13 09:25:37,941] [basehttp.py:161] [basehttp:log_message] [INFO]- "GET /cms/controlpanel/ HTTP/1.1" 200 8881
[2021-07-13 09:25:37,952] [basehttp.py:161] [basehttp:log_message] [INFO]- "GET /static/js/CmUser.js HTTP/1.1" 200 12123
[2021-07-13 09:25:37,982] [basehttp.py:161] [basehttp:log_message] [WARNING]- "GET /static/css/fonts/fontawesome/fontawesome-webfont.ttf?v=4.2.0 HTTP/1.1" 404 1902
[2021-07-13 09:25:46,230] [basehttp.py:161] [basehttp:log_message] [INFO]- "GET /cms/administrators/ HTTP/1.1" 200 10161
[2021-07-13 09:25:46,247] [basehttp.py:161] [basehttp:log_message] [INFO]- "GET /static/js/CmUser.js HTTP/1.1" 304 0
[2021-07-13 09:25:46,287] [basehttp.py:161] [basehttp:log_message] [WARNING]- "GET /static/css/fonts/fontawesome/fontawesome-webfont.ttf?v=4.2.0 HTTP/1.1" 404 1902
[2021-07-13 09:26:08,640] [views.py:95] [views:post] [INFO]- 请求成功！ 用户:17628508386将17628125417的账户密码！将17628125417:pbkdf2_sha1$260000$a$+wki5EZOm8+6goXsnvHGUSWS4SY=修改为17628125417:555555
[2021-07-13 09:26:08,644] [basehttp.py:161] [basehttp:log_message] [INFO]- "POST /cms/user/ HTTP/1.1" 200 42
[2021-07-13 09:26:09,494] [basehttp.py:161] [basehttp:log_message] [INFO]- "POST /cms/send_sms/ HTTP/1.1" 200 42
[2021-07-13 09:26:09,513] [basehttp.py:161] [basehttp:log_message] [INFO]- "GET /cms/administrators/ HTTP/1.1" 200 10204
[2021-07-13 09:26:09,538] [basehttp.py:161] [basehttp:log_message] [INFO]- "GET /static/js/CmUser.js HTTP/1.1" 304 0
[2021-07-13 09:26:09,557] [basehttp.py:161] [basehttp:log_message] [WARNING]- "GET /static/css/fonts/fontawesome/fontawesome-webfont.ttf?v=4.2.0 HTTP/1.1" 404 1902
[2021-07-13 09:26:33,394] [basehttp.py:161] [basehttp:log_message] [INFO]- "GET /cms/user/ HTTP/1.1" 200 7121
[2021-07-13 09:26:33,410] [basehttp.py:161] [basehttp:log_message] [INFO]- "GET /static/js/CmUser.js HTTP/1.1" 304 0
[2021-07-13 09:26:33,445] [basehttp.py:161] [basehttp:log_message] [WARNING]- "GET /static/css/fonts/fontawesome/fontawesome-webfont.ttf?v=4.2.0 HTTP/1.1" 404 1902
[2021-07-13 09:26:46,608] [views.py:95] [views:post] [INFO]- 请求成功！ 用户:17628508386将17628508386的账户密码！将17628508386:pbkdf2_sha1$260000$a$Mmr/S47+jQUm31Lp+MBEE+bF1Qo=修改为17628508386:
[2021-07-13 09:26:46,612] [basehttp.py:161] [basehttp:log_message] [INFO]- "POST /cms/user/ HTTP/1.1" 200 42
[2021-07-13 09:26:46,628] [log.py:230] [log:log_response] [WARNING]- Not Found: /cms/send_sms/
[2021-07-13 09:26:46,629] [basehttp.py:161] [basehttp:log_message] [WARNING]- "POST /cms/send_sms/ HTTP/1.1" 404 5302
