[2021-08-29 15:40:01,922] [autoreload.py:637] [autoreload:run_with_reloader] [INFO]- Watching for file changes with StatReloader
[2021-08-29 15:40:05,799] [basehttp.py:161] [basehttp:log_message] [INFO]- "GET / HTTP/1.1" 200 10177
[2021-08-29 15:40:05,858] [basehttp.py:161] [basehttp:log_message] [INFO]- "GET /static/css/et-lineicons.css HTTP/1.1" 200 5238
[2021-08-29 15:40:05,870] [basehttp.py:161] [basehttp:log_message] [INFO]- "GET /static/css/animate.css HTTP/1.1" 200 55686
[2021-08-29 15:40:05,876] [basehttp.py:161] [basehttp:log_message] [INFO]- "GET /static/css/magnific-popup.css HTTP/1.1" 200 5924
[2021-08-29 15:40:05,881] [basehttp.py:161] [basehttp:log_message] [INFO]- "GET /static/css/themify-icons.css HTTP/1.1" 200 13837
[2021-08-29 15:40:05,889] [basehttp.py:161] [basehttp:log_message] [INFO]- "GET /static/css/style.css HTTP/1.1" 200 30435
[2021-08-29 15:40:05,902] [basehttp.py:161] [basehttp:log_message] [INFO]- "GET /static/js/modernizr-2.6.2.min.js HTTP/1.1" 200 15022
[2021-08-29 15:40:05,911] [basehttp.py:161] [basehttp:log_message] [INFO]- "GET /static/css/bootstrap.css HTTP/1.1" 200 140783
[2021-08-29 15:40:05,918] [basehttp.py:161] [basehttp:log_message] [INFO]- "GET /static/js/jquery.easing.1.3.js HTTP/1.1" 200 3601
[2021-08-29 15:40:05,923] [basehttp.py:161] [basehttp:log_message] [INFO]- "GET /static/js/bootstrap.min.js HTTP/1.1" 200 51039
[2021-08-29 15:40:05,934] [basehttp.py:161] [basehttp:log_message] [INFO]- "GET /static/js/imagesloaded.pkgd.min.js HTTP/1.1" 200 5437
[2021-08-29 15:40:05,934] [basehttp.py:161] [basehttp:log_message] [INFO]- "GET /static/js/jquery.waypoints.min.js HTTP/1.1" 200 8786
[2021-08-29 15:40:05,942] [basehttp.py:161] [basehttp:log_message] [INFO]- "GET /static/js/masonry.pkgd.min.js HTTP/1.1" 200 24032
[2021-08-29 15:40:05,947] [basehttp.py:161] [basehttp:log_message] [INFO]- "GET /static/js/jquery.isotope.v3.0.2.js HTTP/1.1" 200 34585
[2021-08-29 15:40:05,961] [basehttp.py:161] [basehttp:log_message] [INFO]- "GET /static/img/logo.png HTTP/1.1" 200 9679
[2021-08-29 15:40:05,965] [basehttp.py:161] [basehttp:log_message] [INFO]- "GET /static/js/jquery.magnific-popup.min.js HTTP/1.1" 200 21652
[2021-08-29 15:40:05,968] [basehttp.py:161] [basehttp:log_message] [INFO]- "GET /static/js/main.js HTTP/1.1" 200 2215
[2021-08-29 15:40:05,974] [basehttp.py:161] [basehttp:log_message] [INFO]- "GET /static/js/sticky-kit.min.js HTTP/1.1" 200 3200
[2021-08-29 15:40:05,981] [basehttp.py:161] [basehttp:log_message] [INFO]- "GET /static/img/logo-light.png HTTP/1.1" 200 9779
[2021-08-29 15:40:05,997] [basehttp.py:161] [basehttp:log_message] [INFO]- "GET /media/QQ%E5%9B%BE%E7%89%8720191210222509.jpg HTTP/1.1" 200 1100
[2021-08-29 15:40:06,014] [basehttp.py:161] [basehttp:log_message] [INFO]- "GET /media/QQ%E5%9B%BE%E7%89%8720191127203318.jpg HTTP/1.1" 200 28209
[2021-08-29 15:40:06,016] [basehttp.py:161] [basehttp:log_message] [INFO]- "GET /static/js/jq.js HTTP/1.1" 200 86927
[2021-08-29 15:40:06,029] [basehttp.py:161] [basehttp:log_message] [INFO]- "GET /static/img/slider/1.jpg HTTP/1.1" 200 413951
[2021-08-29 15:40:06,246] [basehttp.py:161] [basehttp:log_message] [INFO]- "GET /static/fonts/themify.woff HTTP/1.1" 200 72
[2021-08-29 15:40:06,343] [basehttp.py:161] [basehttp:log_message] [WARNING]- "GET /static/images/blog/5.jpg HTTP/1.1" 404 1810
[2021-08-29 15:40:06,344] [basehttp.py:161] [basehttp:log_message] [WARNING]- "GET /static/fonts/themify.ttf HTTP/1.1" 404 1810
[2021-08-29 15:40:06,446] [basehttp.py:161] [basehttp:log_message] [WARNING]- "GET /static/img/favicon.png HTTP/1.1" 404 1804
[2021-08-29 15:41:47,665] [autoreload.py:251] [autoreload:trigger_reload] [INFO]- D:\pycharm_File\mandao\apps\mdmain\views.py changed, reloading.
[2021-08-29 15:41:48,592] [autoreload.py:637] [autoreload:run_with_reloader] [INFO]- Watching for file changes with StatReloader
[2021-08-29 18:46:30,371] [autoreload.py:637] [autoreload:run_with_reloader] [INFO]- Watching for file changes with StatReloader
[2021-08-29 18:46:33,125] [basehttp.py:161] [basehttp:log_message] [INFO]- "GET / HTTP/1.1" 301 0
[2021-08-29 18:46:33,129] [basehttp.py:161] [basehttp:log_message] [INFO]- code 400, message Bad request version ('zz\x13\x01\x13\x02\x13\x03À+À/À,À0Ì©Ì¨À\x13À\x14\x00\x9c\x00\x9d\x00/\x005\x01\x00\x01\x93::\x00\x00\x00\x17\x00\x00ÿ\x01\x00\x01\x00\x00')
[2021-08-29 18:46:33,129] [basehttp.py:144] [basehttp:log_message] [ERROR]- You're accessing the development server over HTTPS, but it only supports HTTP.

[2021-08-29 18:46:33,130] [basehttp.py:161] [basehttp:log_message] [INFO]- code 400, message Bad request syntax ('\x16\x03\x01\x02\x00\x01\x00\x01ü\x03\x036Ö\x16lÌÕb>2\x89\x7f êh^\x84{1¬5ôÃú\x7f\x8c\x04,\x95©\x06\x0e9 \x96èb/³ \x0biôV sÆÍ\x01\x1abïwÁ¨H\x893åû\x04¡Æi\x8fõ\x00"zz\x13\x01\x13\x02\x13\x03À+À/À,À0Ì©Ì¨À\x13À\x14\x00\x9c\x00\x9d\x00/\x005\x00')
[2021-08-29 18:46:33,131] [basehttp.py:144] [basehttp:log_message] [ERROR]- You're accessing the development server over HTTPS, but it only supports HTTP.

[2021-08-29 18:46:39,774] [basehttp.py:161] [basehttp:log_message] [INFO]- code 400, message Bad request syntax ('\x16\x03\x01\x02\x00\x01\x00\x01ü\x03\x03n\x04³\x96Î)X\x81®\x8aëÌ\x02«J\\Ä\\_\x80\x7fg\x94¯Ü\x1e\x86SæñG÷ >\x1eR\x84£\x0e6\x88{5~ç\x8e"\x0e=ù\x9b~F\x86R\x96H\x80¶g,WMDt\x00 zz\x13\x01\x13\x02\x13\x03À+À/À,À0Ì©Ì¨À\x13À\x14\x00\x9c\x00\x9d\x00/\x005\x01\x00\x01\x93\x9a\x9a\x00\x00\x00\x17\x00\x00ÿ\x01\x00\x01\x00\x00')
[2021-08-29 18:46:39,774] [basehttp.py:144] [basehttp:log_message] [ERROR]- You're accessing the development server over HTTPS, but it only supports HTTP.

[2021-08-29 18:46:39,775] [basehttp.py:161] [basehttp:log_message] [INFO]- code 400, message Bad request syntax ("\x16\x03\x01\x02\x00\x01\x00\x01ü\x03\x03\x15Öp\x98\x18U\x9aËU;Èä%\x90(-æ\x06Æ\x9e¿ ¬$\x85\x14$\x82\x05Þ*Ð Xj|\x9e¥b34¯'naç\x8f\x95\x86ë\x86íÀÂß´\x86\x1cp\x91,h\x8dÇÔ\x00 ::\x13\x01\x13\x02\x13\x03À+À/À,À0Ì©Ì¨À\x13À\x14\x00\x9c\x00\x9d\x00/\x005\x01\x00\x01\x93ÊÊ\x00\x00\x00\x17\x00\x00ÿ\x01\x00\x01\x00\x00")
[2021-08-29 18:46:39,775] [basehttp.py:144] [basehttp:log_message] [ERROR]- You're accessing the development server over HTTPS, but it only supports HTTP.

[2021-08-29 18:46:39,776] [basehttp.py:161] [basehttp:log_message] [INFO]- code 400, message Bad request syntax ('\x16\x03\x01\x02\x00\x01\x00\x01ü\x03\x03s\x8aY]î·\x99©b zîg\x12\x90Z^ÙR\x98î\x87Yþ\x06Ì{6\x8f§gJ \x90îa\x1c\x17D7o\x1e6\x1aLÉ\x10hWÞÃúõpÚ\x99Q.r·(Bþ¢\xa0\x00"::\x13\x01\x13\x02\x13\x03À+À/À,À0Ì©Ì¨À\x13À\x14\x00\x9c\x00\x9d\x00/\x005\x00')
[2021-08-29 18:46:39,776] [basehttp.py:144] [basehttp:log_message] [ERROR]- You're accessing the development server over HTTPS, but it only supports HTTP.

[2021-08-29 18:46:39,777] [basehttp.py:161] [basehttp:log_message] [INFO]- code 400, message Bad request syntax ('\x16\x03\x01\x02\x00\x01\x00\x01ü\x03\x03i\x82oæw¯L(\x93Ïî)Öí`\\8\x91Xq')
[2021-08-29 18:46:39,777] [basehttp.py:144] [basehttp:log_message] [ERROR]- You're accessing the development server over HTTPS, but it only supports HTTP.

[2021-08-29 18:47:31,088] [autoreload.py:251] [autoreload:trigger_reload] [INFO]- D:\pycharm_File\mandao\mandao\settings.py changed, reloading.
[2021-08-29 18:47:32,087] [autoreload.py:637] [autoreload:run_with_reloader] [INFO]- Watching for file changes with StatReloader
