[2021-08-16 15:30:57,113] [autoreload.py:637] [autoreload:run_with_reloader] [INFO]- Watching for file changes with StatReloader
[2021-08-16 15:31:01,951] [basehttp.py:161] [basehttp:log_message] [INFO]- "GET / HTTP/1.1" 200 10177
[2021-08-16 15:31:02,011] [basehttp.py:161] [basehttp:log_message] [INFO]- "GET /static/css/magnific-popup.css HTTP/1.1" 200 5924
[2021-08-16 15:31:02,024] [basehttp.py:161] [basehttp:log_message] [INFO]- "GET /static/css/style.css HTTP/1.1" 200 30435
[2021-08-16 15:31:02,032] [basehttp.py:161] [basehttp:log_message] [INFO]- "GET /static/css/animate.css HTTP/1.1" 200 55686
[2021-08-16 15:31:02,044] [basehttp.py:161] [basehttp:log_message] [INFO]- "GET /static/css/et-lineicons.css HTTP/1.1" 200 5238
[2021-08-16 15:31:02,058] [basehttp.py:161] [basehttp:log_message] [INFO]- "GET /static/css/themify-icons.css HTTP/1.1" 200 13837
[2021-08-16 15:31:02,072] [basehttp.py:161] [basehttp:log_message] [INFO]- "GET /static/css/bootstrap.css HTTP/1.1" 200 140783
[2021-08-16 15:31:02,083] [basehttp.py:161] [basehttp:log_message] [INFO]- "GET /static/js/jquery.easing.1.3.js HTTP/1.1" 200 3601
[2021-08-16 15:31:02,090] [basehttp.py:161] [basehttp:log_message] [INFO]- "GET /static/js/modernizr-2.6.2.min.js HTTP/1.1" 200 15022
[2021-08-16 15:31:02,110] [basehttp.py:161] [basehttp:log_message] [INFO]- "GET /static/js/masonry.pkgd.min.js HTTP/1.1" 200 24032
[2021-08-16 15:31:02,123] [basehttp.py:161] [basehttp:log_message] [INFO]- "GET /static/js/bootstrap.min.js HTTP/1.1" 200 51039
[2021-08-16 15:31:02,128] [basehttp.py:161] [basehttp:log_message] [INFO]- "GET /static/js/imagesloaded.pkgd.min.js HTTP/1.1" 200 5437
[2021-08-16 15:31:02,128] [basehttp.py:161] [basehttp:log_message] [INFO]- "GET /static/js/jquery.waypoints.min.js HTTP/1.1" 200 8786
[2021-08-16 15:31:02,129] [basehttp.py:161] [basehttp:log_message] [INFO]- "GET /static/js/jquery.isotope.v3.0.2.js HTTP/1.1" 200 34585
[2021-08-16 15:31:02,135] [basehttp.py:161] [basehttp:log_message] [INFO]- "GET /static/js/jquery.magnific-popup.min.js HTTP/1.1" 200 21652
[2021-08-16 15:31:02,135] [basehttp.py:161] [basehttp:log_message] [INFO]- "GET /static/js/jq.js HTTP/1.1" 200 86927
[2021-08-16 15:31:02,146] [basehttp.py:161] [basehttp:log_message] [INFO]- "GET /static/js/sticky-kit.min.js HTTP/1.1" 200 3200
[2021-08-16 15:31:02,151] [basehttp.py:161] [basehttp:log_message] [INFO]- "GET /static/js/main.js HTTP/1.1" 200 2215
[2021-08-16 15:31:02,175] [basehttp.py:161] [basehttp:log_message] [INFO]- "GET /media/QQ%E5%9B%BE%E7%89%8720191210222509.jpg HTTP/1.1" 200 1100
[2021-08-16 15:31:02,190] [basehttp.py:161] [basehttp:log_message] [INFO]- "GET /media/QQ%E5%9B%BE%E7%89%8720191127203318.jpg HTTP/1.1" 200 28209
[2021-08-16 15:31:02,201] [basehttp.py:161] [basehttp:log_message] [INFO]- "GET /static/img/logo.png HTTP/1.1" 200 9679
[2021-08-16 15:31:02,201] [basehttp.py:161] [basehttp:log_message] [INFO]- "GET /static/img/logo-light.png HTTP/1.1" 200 9779
[2021-08-16 15:31:02,214] [basehttp.py:161] [basehttp:log_message] [INFO]- "GET /static/img/slider/1.jpg HTTP/1.1" 200 413951
[2021-08-16 15:31:02,415] [basehttp.py:161] [basehttp:log_message] [INFO]- "GET /static/fonts/themify.woff HTTP/1.1" 200 72
[2021-08-16 15:31:02,433] [basehttp.py:161] [basehttp:log_message] [WARNING]- "GET /static/images/blog/5.jpg HTTP/1.1" 404 1810
[2021-08-16 15:31:02,436] [basehttp.py:161] [basehttp:log_message] [WARNING]- "GET /static/fonts/themify.ttf HTTP/1.1" 404 1810
[2021-08-16 15:31:02,690] [basehttp.py:161] [basehttp:log_message] [WARNING]- "GET /static/img/favicon.png HTTP/1.1" 404 1804
[2021-08-16 15:31:06,835] [basehttp.py:161] [basehttp:log_message] [INFO]- "GET /map/map/ HTTP/1.1" 302 0
[2021-08-16 15:31:06,850] [basehttp.py:161] [basehttp:log_message] [INFO]- "GET /auth/login/?next=/map/map/ HTTP/1.1" 200 2799
[2021-08-16 15:31:06,875] [basehttp.py:161] [basehttp:log_message] [INFO]- "GET /static/css/reset.css HTTP/1.1" 200 1030
[2021-08-16 15:31:06,890] [basehttp.py:161] [basehttp:log_message] [INFO]- "GET /static/css/map_style.css HTTP/1.1" 200 3413
[2021-08-16 15:31:06,892] [basehttp.py:161] [basehttp:log_message] [INFO]- "GET /static/js/ccajax.js HTTP/1.1" 200 2399
[2021-08-16 15:31:06,893] [basehttp.py:161] [basehttp:log_message] [INFO]- "GET /static/js/message.js HTTP/1.1" 200 3347
[2021-08-16 15:31:06,901] [basehttp.py:161] [basehttp:log_message] [INFO]- "GET /static/js/map_auth.js HTTP/1.1" 200 1585
[2021-08-16 15:31:06,922] [basehttp.py:161] [basehttp:log_message] [INFO]- "GET /static/js/app.js HTTP/1.1" 200 1139
[2021-08-16 15:31:06,922] [basehttp.py:161] [basehttp:log_message] [INFO]- "GET /static/img/password.png HTTP/1.1" 200 3859
[2021-08-16 15:31:06,931] [basehttp.py:161] [basehttp:log_message] [INFO]- "GET /static/js/particles.min.js HTTP/1.1" 200 23358
[2021-08-16 15:31:06,934] [basehttp.py:161] [basehttp:log_message] [INFO]- "GET /static/img/name.png HTTP/1.1" 200 5102
[2021-08-16 15:31:06,939] [basehttp.py:161] [basehttp:log_message] [INFO]- "GET /static/img/bg.jpg HTTP/1.1" 200 51002
[2021-08-16 15:31:06,981] [log.py:230] [log:log_response] [WARNING]- Not Found: /favicon.ico
[2021-08-16 15:31:06,981] [basehttp.py:161] [basehttp:log_message] [WARNING]- "GET /favicon.ico HTTP/1.1" 404 2771
[2021-08-16 15:31:11,127] [basehttp.py:161] [basehttp:log_message] [INFO]- "POST /auth/login/ HTTP/1.1" 200 45
[2021-08-16 15:31:11,141] [basehttp.py:161] [basehttp:log_message] [INFO]- "GET /map/map HTTP/1.1" 301 0
[2021-08-16 15:31:11,228] [basehttp.py:161] [basehttp:log_message] [INFO]- "GET /map/map/ HTTP/1.1" 200 2421
[2021-08-16 15:31:11,257] [basehttp.py:161] [basehttp:log_message] [INFO]- "GET /static/js/adapter.js HTTP/1.1" 200 376
[2021-08-16 15:31:11,258] [basehttp.py:161] [basehttp:log_message] [INFO]- "GET /static/js/vip.js HTTP/1.1" 200 47
[2021-08-16 15:31:11,262] [basehttp.py:161] [basehttp:log_message] [INFO]- "GET /static/css/menu.css HTTP/1.1" 200 3879
[2021-08-16 15:31:11,269] [basehttp.py:161] [basehttp:log_message] [INFO]- "GET /static/css/base.css HTTP/1.1" 200 1214
[2021-08-16 15:31:11,269] [basehttp.py:161] [basehttp:log_message] [INFO]- "GET /static/js/menu.js HTTP/1.1" 200 1971
[2021-08-16 15:31:11,276] [basehttp.py:161] [basehttp:log_message] [INFO]- "GET /static/img/show.png HTTP/1.1" 200 5063
[2021-08-16 15:31:11,291] [basehttp.py:161] [basehttp:log_message] [INFO]- "GET /static/js/map_index.js HTTP/1.1" 200 2223
[2021-08-16 15:31:11,295] [basehttp.py:161] [basehttp:log_message] [INFO]- "GET /static/img/obscure.png HTTP/1.1" 200 3922
[2021-08-16 15:31:22,510] [basehttp.py:161] [basehttp:log_message] [INFO]- "GET /map/map/ HTTP/1.1" 200 2421
[2021-08-16 15:31:22,545] [basehttp.py:161] [basehttp:log_message] [INFO]- "GET /static/css/menu.css HTTP/1.1" 200 3879
[2021-08-16 15:31:22,545] [basehttp.py:161] [basehttp:log_message] [INFO]- "GET /static/css/base.css HTTP/1.1" 200 1214
[2021-08-16 15:31:22,550] [basehttp.py:161] [basehttp:log_message] [INFO]- "GET /static/js/jq.js HTTP/1.1" 200 86927
[2021-08-16 15:31:22,558] [basehttp.py:161] [basehttp:log_message] [INFO]- "GET /static/js/ccajax.js HTTP/1.1" 200 2399
[2021-08-16 15:31:22,559] [basehttp.py:161] [basehttp:log_message] [INFO]- "GET /static/js/menu.js HTTP/1.1" 200 1971
[2021-08-16 15:31:22,559] [basehttp.py:161] [basehttp:log_message] [INFO]- "GET /static/js/adapter.js HTTP/1.1" 200 376
[2021-08-16 15:31:22,561] [basehttp.py:161] [basehttp:log_message] [INFO]- "GET /static/js/map_index.js HTTP/1.1" 200 2223
[2021-08-16 15:31:22,562] [basehttp.py:161] [basehttp:log_message] [INFO]- "GET /static/js/message.js HTTP/1.1" 200 3347
[2021-08-16 15:31:22,563] [basehttp.py:161] [basehttp:log_message] [INFO]- "GET /static/js/vip.js HTTP/1.1" 200 47
[2021-08-16 15:31:22,566] [basehttp.py:161] [basehttp:log_message] [INFO]- "GET /static/img/show.png HTTP/1.1" 200 5063
[2021-08-16 15:31:22,567] [basehttp.py:161] [basehttp:log_message] [INFO]- "GET /static/img/obscure.png HTTP/1.1" 200 3922
[2021-08-16 15:31:23,429] [log.py:230] [log:log_response] [WARNING]- Not Found: /favicon.ico
[2021-08-16 15:31:23,429] [basehttp.py:161] [basehttp:log_message] [WARNING]- "GET /favicon.ico HTTP/1.1" 404 2771
[2021-08-16 15:33:45,439] [autoreload.py:637] [autoreload:run_with_reloader] [INFO]- Watching for file changes with StatReloader
[2021-08-16 15:33:46,068] [basehttp.py:161] [basehttp:log_message] [INFO]- "GET /map/map/ HTTP/1.1" 200 2421
[2021-08-16 15:33:46,099] [basehttp.py:161] [basehttp:log_message] [INFO]- "GET /static/css/base.css HTTP/1.1" 200 1214
[2021-08-16 15:33:46,099] [basehttp.py:161] [basehttp:log_message] [INFO]- "GET /static/css/menu.css HTTP/1.1" 200 3879
[2021-08-16 15:33:46,109] [basehttp.py:161] [basehttp:log_message] [INFO]- "GET /static/js/message.js HTTP/1.1" 200 3347
[2021-08-16 15:33:46,109] [basehttp.py:161] [basehttp:log_message] [INFO]- "GET /static/js/menu.js HTTP/1.1" 200 1971
[2021-08-16 15:33:46,111] [basehttp.py:161] [basehttp:log_message] [INFO]- "GET /static/js/ccajax.js HTTP/1.1" 200 2399
[2021-08-16 15:33:46,112] [basehttp.py:161] [basehttp:log_message] [INFO]- "GET /static/js/map_index.js HTTP/1.1" 200 2223
[2021-08-16 15:33:46,117] [basehttp.py:161] [basehttp:log_message] [INFO]- "GET /static/js/vip.js HTTP/1.1" 200 47
[2021-08-16 15:33:46,117] [basehttp.py:161] [basehttp:log_message] [INFO]- "GET /static/js/adapter.js HTTP/1.1" 200 376
[2021-08-16 15:33:46,118] [basehttp.py:161] [basehttp:log_message] [INFO]- "GET /static/img/obscure.png HTTP/1.1" 200 3922
[2021-08-16 15:33:46,119] [basehttp.py:161] [basehttp:log_message] [INFO]- "GET /static/js/jq.js HTTP/1.1" 200 86927
[2021-08-16 15:33:46,120] [basehttp.py:161] [basehttp:log_message] [INFO]- "GET /static/img/show.png HTTP/1.1" 200 5063
[2021-08-16 15:33:47,936] [log.py:230] [log:log_response] [WARNING]- Not Found: /favicon.ico
[2021-08-16 15:33:47,936] [basehttp.py:161] [basehttp:log_message] [WARNING]- "GET /favicon.ico HTTP/1.1" 404 2771
[2021-08-16 15:33:53,587] [basehttp.py:161] [basehttp:log_message] [INFO]- "POST /map/search_x_y/ HTTP/1.1" 200 58
[2021-08-16 15:33:57,195] [basehttp.py:161] [basehttp:log_message] [INFO]- "GET /map/map/ HTTP/1.1" 200 2421
[2021-08-16 15:33:57,222] [basehttp.py:161] [basehttp:log_message] [INFO]- "GET /static/css/base.css HTTP/1.1" 200 1214
[2021-08-16 15:33:57,222] [basehttp.py:161] [basehttp:log_message] [INFO]- "GET /static/css/menu.css HTTP/1.1" 200 3879
[2021-08-16 15:33:57,230] [basehttp.py:161] [basehttp:log_message] [INFO]- "GET /static/js/ccajax.js HTTP/1.1" 200 2399
[2021-08-16 15:33:57,230] [basehttp.py:161] [basehttp:log_message] [INFO]- "GET /static/js/message.js HTTP/1.1" 200 3347
[2021-08-16 15:33:57,232] [basehttp.py:161] [basehttp:log_message] [INFO]- "GET /static/js/map_index.js HTTP/1.1" 200 2223
[2021-08-16 15:33:57,233] [basehttp.py:161] [basehttp:log_message] [INFO]- "GET /static/js/menu.js HTTP/1.1" 200 1971
[2021-08-16 15:33:57,235] [basehttp.py:161] [basehttp:log_message] [INFO]- "GET /static/js/adapter.js HTTP/1.1" 200 376
[2021-08-16 15:33:57,238] [basehttp.py:161] [basehttp:log_message] [INFO]- "GET /static/img/obscure.png HTTP/1.1" 200 3922
[2021-08-16 15:33:57,239] [basehttp.py:161] [basehttp:log_message] [INFO]- "GET /static/js/vip.js HTTP/1.1" 200 47
[2021-08-16 15:33:57,240] [basehttp.py:161] [basehttp:log_message] [INFO]- "GET /static/img/show.png HTTP/1.1" 200 5063
[2021-08-16 15:33:57,240] [basehttp.py:161] [basehttp:log_message] [INFO]- "GET /static/js/jq.js HTTP/1.1" 200 86927
[2021-08-16 15:34:08,740] [log.py:230] [log:log_response] [WARNING]- Not Found: /favicon.ico
[2021-08-16 15:34:08,740] [basehttp.py:161] [basehttp:log_message] [WARNING]- "GET /favicon.ico HTTP/1.1" 404 2771
[2021-08-16 15:35:06,037] [basehttp.py:161] [basehttp:log_message] [INFO]- "GET /mdmain/choose/ HTTP/1.1" 200 8795
[2021-08-16 15:35:16,807] [basehttp.py:161] [basehttp:log_message] [INFO]- "GET / HTTP/1.1" 200 10177
[2021-08-16 15:35:16,861] [basehttp.py:161] [basehttp:log_message] [WARNING]- "GET /static/images/blog/5.jpg HTTP/1.1" 404 1810
[2021-08-16 15:35:16,908] [basehttp.py:161] [basehttp:log_message] [WARNING]- "GET /static/fonts/themify.ttf HTTP/1.1" 404 1810
[2021-08-16 15:35:16,922] [basehttp.py:161] [basehttp:log_message] [WARNING]- "GET /static/img/favicon.png HTTP/1.1" 404 1804
[2021-08-16 15:35:21,788] [basehttp.py:161] [basehttp:log_message] [INFO]- "GET /cms HTTP/1.1" 301 0
[2021-08-16 15:35:21,796] [views.py:26] [views:cms_index] [INFO]- 请求成功！ 用户:17628508386进入猿泓cms管理后台！；response_headers:{'Content-Length': '', 'Content-Type': 'text/plain', 'Host': '127.0.0.1:8000', 'Connection': 'keep-alive', 'Upgrade-Insecure-Requests': '1', 'User-Agent': 'Mozilla/5.0 (Windows NT 10.0; Win64; x64) AppleWebKit/537.36 (KHTML, like Gecko) Chrome/92.0.4515.131 Safari/537.36', 'Accept': 'text/html,application/xhtml+xml,application/xml;q=0.9,image/avif,image/webp,image/apng,*/*;q=0.8,application/signed-exchange;v=b3;q=0.9', 'Sec-Fetch-Site': 'none', 'Sec-Fetch-Mode': 'navigate', 'Sec-Fetch-User': '?1', 'Sec-Fetch-Dest': 'document', 'Sec-Ch-Ua': '"Chromium";v="92", " Not A;Brand";v="99", "Google Chrome";v="92"', 'Sec-Ch-Ua-Mobile': '?0', 'Accept-Encoding': 'gzip, deflate, br', 'Accept-Language': 'zh-CN,zh;q=0.9', 'Cookie': 'csrftoken=h57NC95koiEjrCsGKkydWJa0Lt71Pz8pVyiWh2OpbN7ewXJC3tWFIYd92Ma1eOes; sessionid=iaeihtbgp8rxcklianyd85dntykawr2j'}；request_body:b'',
[2021-08-16 15:35:21,855] [basehttp.py:161] [basehttp:log_message] [INFO]- "GET /cms/ HTTP/1.1" 200 6624
[2021-08-16 15:35:21,908] [basehttp.py:161] [basehttp:log_message] [INFO]- "GET /static/css/themes.css HTTP/1.1" 200 2019
[2021-08-16 15:35:21,924] [basehttp.py:161] [basehttp:log_message] [INFO]- "GET /static/css/plugins.css HTTP/1.1" 200 197714
[2021-08-16 15:35:21,927] [basehttp.py:161] [basehttp:log_message] [INFO]- "GET /static/component/style/components.css HTTP/1.1" 200 9491
[2021-08-16 15:35:21,928] [basehttp.py:161] [basehttp:log_message] [INFO]- "GET /static/css/cms_bootstrap.css HTTP/1.1" 200 105029
[2021-08-16 15:35:21,935] [basehttp.py:161] [basehttp:log_message] [INFO]- "GET /static/css/main.css HTTP/1.1" 200 51284
[2021-08-16 15:35:21,943] [basehttp.py:161] [basehttp:log_message] [INFO]- "GET /static/component/plugins/layer/layer.js HTTP/1.1" 200 22081
[2021-08-16 15:35:21,971] [basehttp.py:161] [basehttp:log_message] [INFO]- "GET /static/component/js/JQuery2.1.4.js HTTP/1.1" 200 84355
[2021-08-16 15:35:22,386] [basehttp.py:161] [basehttp:log_message] [INFO]- "GET /static/component/plugins/layer/theme/default/layer.css?v=3.2.0 HTTP/1.1" 200 14367
[2021-08-16 15:35:22,435] [basehttp.py:161] [basehttp:log_message] [INFO]- "GET /static/css/fonts/fontawesome/fontawesome-webfont.woff?v=4.2.0 HTTP/1.1" 200 109
[2021-08-16 15:35:22,436] [basehttp.py:161] [basehttp:log_message] [INFO]- "GET /static/css/fonts/glyphicons.pro/glyphicons-regular.woff HTTP/1.1" 200 103
[2021-08-16 15:35:22,447] [basehttp.py:161] [basehttp:log_message] [WARNING]- "GET /static/css/fonts/fontawesome/fontawesome-webfont.ttf?v=4.2.0 HTTP/1.1" 404 1902
[2021-08-16 15:35:22,447] [basehttp.py:161] [basehttp:log_message] [WARNING]- "GET /static/css/fonts/glyphicons.pro/glyphicons-regular.ttf HTTP/1.1" 404 1900
[2021-08-16 15:35:24,578] [basehttp.py:161] [basehttp:log_message] [INFO]- "GET /cms/controlpanel/ HTTP/1.1" 200 8832
[2021-08-16 15:35:24,580] [basehttp.py:161] [basehttp:log_message] [INFO]- "GET /cms/controlpanel/ HTTP/1.1" 200 8832
[2021-08-16 15:35:24,581] [basehttp.py:75] [basehttp:handle_error] [INFO]- - Broken pipe from ('127.0.0.1', 58693)

[2021-08-16 15:35:24,615] [basehttp.py:161] [basehttp:log_message] [INFO]- "GET /static/css/sweetalert.css HTTP/1.1" 200 22898
[2021-08-16 15:35:24,632] [basehttp.py:161] [basehttp:log_message] [INFO]- "GET /static/js/sweetalert.min.js HTTP/1.1" 200 16999
[2021-08-16 15:35:24,643] [basehttp.py:161] [basehttp:log_message] [INFO]- "GET /static/js/CmUser.js HTTP/1.1" 200 12321
[2021-08-16 15:35:24,948] [basehttp.py:161] [basehttp:log_message] [WARNING]- "GET /static/css/fonts/fontawesome/fontawesome-webfont.ttf?v=4.2.0 HTTP/1.1" 404 1902
