[2022-05-17 20:24:22,205] [autoreload.py:637] [autoreload:run_with_reloader] [INFO]- Watching for file changes with StatReloader
[2022-05-17 20:24:33,722] [basehttp.py:161] [basehttp:log_message] [INFO]- "GET / HTTP/1.1" 200 6268
[2022-05-17 20:24:34,006] [basehttp.py:161] [basehttp:log_message] [INFO]- "GET /static/js/jquery.easing.1.3.js HTTP/1.1" 200 3601
[2022-05-17 20:24:34,007] [basehttp.py:161] [basehttp:log_message] [INFO]- "GET /static/js/modernizr-2.6.2.min.js HTTP/1.1" 200 15022
[2022-05-17 20:24:34,014] [basehttp.py:161] [basehttp:log_message] [INFO]- "GET /static/js/imagesloaded.pkgd.min.js HTTP/1.1" 200 5437
[2022-05-17 20:24:34,015] [basehttp.py:161] [basehttp:log_message] [INFO]- "GET /static/js/jquery.waypoints.min.js HTTP/1.1" 200 8786
[2022-05-17 20:24:34,017] [basehttp.py:161] [basehttp:log_message] [INFO]- "GET /static/js/bootstrap.min.js HTTP/1.1" 200 51039
[2022-05-17 20:24:34,019] [basehttp.py:161] [basehttp:log_message] [INFO]- "GET /static/js/jq.js HTTP/1.1" 200 86927
[2022-05-17 20:24:34,025] [basehttp.py:161] [basehttp:log_message] [INFO]- "GET /static/js/masonry.pkgd.min.js HTTP/1.1" 200 24032
[2022-05-17 20:24:34,029] [basehttp.py:161] [basehttp:log_message] [INFO]- "GET /static/js/jquery.isotope.v3.0.2.js HTTP/1.1" 200 34585
[2022-05-17 20:24:34,035] [basehttp.py:161] [basehttp:log_message] [INFO]- "GET /static/js/sticky-kit.min.js HTTP/1.1" 200 3200
[2022-05-17 20:24:34,037] [basehttp.py:161] [basehttp:log_message] [INFO]- "GET /static/js/main.js HTTP/1.1" 200 2215
[2022-05-17 20:24:34,041] [basehttp.py:161] [basehttp:log_message] [INFO]- "GET /static/js/jquery.magnific-popup.min.js HTTP/1.1" 200 21652
[2022-05-17 20:24:34,043] [basehttp.py:161] [basehttp:log_message] [INFO]- "GET /static/img/logo.png HTTP/1.1" 200 9679
[2022-05-17 20:24:34,045] [basehttp.py:161] [basehttp:log_message] [INFO]- "GET /static/img/portfolio/1.jpg HTTP/1.1" 200 75967
[2022-05-17 20:24:34,049] [basehttp.py:161] [basehttp:log_message] [INFO]- "GET /static/img/portfolio/2.jpg HTTP/1.1" 200 127333
[2022-05-17 20:24:34,084] [basehttp.py:161] [basehttp:log_message] [INFO]- "GET /static/img/logo-light.png HTTP/1.1" 200 9779
[2022-05-17 20:24:34,102] [basehttp.py:161] [basehttp:log_message] [WARNING]- "GET /static/img/portfolio/5.jpg HTTP/1.1" 404 1816
[2022-05-17 20:24:34,103] [basehttp.py:161] [basehttp:log_message] [WARNING]- "GET /static/img/portfolio/6.jpg HTTP/1.1" 404 1816
[2022-05-17 20:24:34,104] [basehttp.py:161] [basehttp:log_message] [WARNING]- "GET /static/img/portfolio/4.jpg HTTP/1.1" 404 1816
[2022-05-17 20:24:34,105] [basehttp.py:161] [basehttp:log_message] [WARNING]- "GET /static/img/portfolio/3.jpg HTTP/1.1" 404 1816
[2022-05-17 20:24:34,401] [basehttp.py:161] [basehttp:log_message] [WARNING]- "GET /static/fonts/themify.ttf HTTP/1.1" 404 1810
[2022-05-17 20:24:34,668] [basehttp.py:161] [basehttp:log_message] [WARNING]- "GET /static/img/favicon.png HTTP/1.1" 404 1804
[2022-05-17 20:24:40,477] [basehttp.py:161] [basehttp:log_message] [INFO]- "GET /mdmain/work_detail/ HTTP/1.1" 200 7658
[2022-05-17 20:24:40,566] [log.py:224] [log:log_response] [WARNING]- Not Found: /mdmain/work_detail/images/portfolio/2.jpg
[2022-05-17 20:24:40,569] [log.py:224] [log:log_response] [WARNING]- Not Found: /mdmain/work_detail/images/portfolio/1.jpg
[2022-05-17 20:24:40,574] [basehttp.py:161] [basehttp:log_message] [WARNING]- "GET /mdmain/work_detail/images/portfolio/2.jpg HTTP/1.1" 404 4566
[2022-05-17 20:24:40,574] [basehttp.py:161] [basehttp:log_message] [WARNING]- "GET /mdmain/work_detail/images/portfolio/1.jpg HTTP/1.1" 404 4566
[2022-05-17 20:24:40,743] [log.py:224] [log:log_response] [WARNING]- Not Found: /mdmain/work_detail/images/portfolio/4.jpg
[2022-05-17 20:24:40,752] [log.py:224] [log:log_response] [WARNING]- Not Found: /mdmain/work_detail/images/portfolio/3.jpg
[2022-05-17 20:24:40,754] [basehttp.py:161] [basehttp:log_message] [WARNING]- "GET /mdmain/work_detail/images/portfolio/4.jpg HTTP/1.1" 404 4566
[2022-05-17 20:24:40,762] [log.py:224] [log:log_response] [WARNING]- Not Found: /mdmain/work_detail/images/portfolio/5.jpg
[2022-05-17 20:24:40,773] [log.py:224] [log:log_response] [WARNING]- Not Found: /mdmain/work_detail/images/portfolio/6.jpg
[2022-05-17 20:24:40,774] [basehttp.py:161] [basehttp:log_message] [WARNING]- "GET /mdmain/work_detail/images/portfolio/3.jpg HTTP/1.1" 404 4566
[2022-05-17 20:24:40,777] [basehttp.py:161] [basehttp:log_message] [WARNING]- "GET /mdmain/work_detail/images/portfolio/5.jpg HTTP/1.1" 404 4566
[2022-05-17 20:24:40,778] [basehttp.py:161] [basehttp:log_message] [WARNING]- "GET /mdmain/work_detail/images/portfolio/6.jpg HTTP/1.1" 404 4566
[2022-05-17 20:24:40,895] [basehttp.py:161] [basehttp:log_message] [WARNING]- "GET /static/fonts/themify.ttf HTTP/1.1" 404 1810
[2022-05-17 20:24:59,381] [basehttp.py:161] [basehttp:log_message] [INFO]- "GET /mdmain/work_detail/ HTTP/1.1" 200 7658
[2022-05-17 20:24:59,522] [log.py:224] [log:log_response] [WARNING]- Not Found: /mdmain/work_detail/images/portfolio/1.jpg
[2022-05-17 20:24:59,526] [log.py:224] [log:log_response] [WARNING]- Not Found: /mdmain/work_detail/images/portfolio/2.jpg
[2022-05-17 20:24:59,531] [log.py:224] [log:log_response] [WARNING]- Not Found: /mdmain/work_detail/images/portfolio/3.jpg
[2022-05-17 20:24:59,539] [basehttp.py:161] [basehttp:log_message] [WARNING]- "GET /mdmain/work_detail/images/portfolio/1.jpg HTTP/1.1" 404 4566
[2022-05-17 20:24:59,540] [basehttp.py:161] [basehttp:log_message] [WARNING]- "GET /mdmain/work_detail/images/portfolio/2.jpg HTTP/1.1" 404 4566
[2022-05-17 20:24:59,543] [log.py:224] [log:log_response] [WARNING]- Not Found: /mdmain/work_detail/images/portfolio/4.jpg
[2022-05-17 20:24:59,547] [log.py:224] [log:log_response] [WARNING]- Not Found: /mdmain/work_detail/images/portfolio/6.jpg
[2022-05-17 20:24:59,547] [basehttp.py:161] [basehttp:log_message] [WARNING]- "GET /mdmain/work_detail/images/portfolio/3.jpg HTTP/1.1" 404 4566
[2022-05-17 20:24:59,550] [log.py:224] [log:log_response] [WARNING]- Not Found: /mdmain/work_detail/images/portfolio/5.jpg
[2022-05-17 20:24:59,550] [basehttp.py:161] [basehttp:log_message] [WARNING]- "GET /mdmain/work_detail/images/portfolio/4.jpg HTTP/1.1" 404 4566
[2022-05-17 20:24:59,551] [basehttp.py:161] [basehttp:log_message] [WARNING]- "GET /mdmain/work_detail/images/portfolio/6.jpg HTTP/1.1" 404 4566
[2022-05-17 20:24:59,552] [basehttp.py:161] [basehttp:log_message] [WARNING]- "GET /mdmain/work_detail/images/portfolio/5.jpg HTTP/1.1" 404 4566
[2022-05-17 20:24:59,697] [basehttp.py:161] [basehttp:log_message] [WARNING]- "GET /static/fonts/themify.ttf HTTP/1.1" 404 1810
[2022-05-17 20:25:02,270] [log.py:224] [log:log_response] [WARNING]- Not Found: /works-single.html
[2022-05-17 20:25:02,271] [basehttp.py:161] [basehttp:log_message] [WARNING]- "GET /works-single.html HTTP/1.1" 404 2788
[2022-05-17 20:25:02,654] [log.py:224] [log:log_response] [WARNING]- Not Found: /favicon.ico
[2022-05-17 20:25:02,655] [basehttp.py:161] [basehttp:log_message] [WARNING]- "GET /favicon.ico HTTP/1.1" 404 2770
[2022-05-17 20:25:16,472] [autoreload.py:251] [autoreload:trigger_reload] [INFO]- F:\Project_Python\1\mandao\apps\mdmain\views.py changed, reloading.
[2022-05-17 20:25:17,751] [autoreload.py:637] [autoreload:run_with_reloader] [INFO]- Watching for file changes with StatReloader
[2022-05-17 20:25:19,955] [autoreload.py:251] [autoreload:trigger_reload] [INFO]- F:\Project_Python\1\mandao\apps\mdmain\views.py changed, reloading.
[2022-05-17 20:25:21,326] [autoreload.py:637] [autoreload:run_with_reloader] [INFO]- Watching for file changes with StatReloader
[2022-05-17 20:25:54,639] [autoreload.py:251] [autoreload:trigger_reload] [INFO]- F:\Project_Python\1\mandao\apps\mdmain\views.py changed, reloading.
[2022-05-17 20:25:55,963] [autoreload.py:637] [autoreload:run_with_reloader] [INFO]- Watching for file changes with StatReloader
[2022-05-17 20:26:00,037] [autoreload.py:637] [autoreload:run_with_reloader] [INFO]- Watching for file changes with StatReloader
[2022-05-17 20:26:00,481] [basehttp.py:161] [basehttp:log_message] [INFO]- "GET / HTTP/1.1" 200 8795
[2022-05-17 20:26:00,500] [basehttp.py:161] [basehttp:log_message] [INFO]- "GET /static/js/message.js HTTP/1.1" 200 3347
[2022-05-17 20:26:00,500] [basehttp.py:161] [basehttp:log_message] [INFO]- "GET /static/js/ccajax.js HTTP/1.1" 200 2399
[2022-05-17 20:27:03,010] [basehttp.py:161] [basehttp:log_message] [INFO]- "GET / HTTP/1.1" 200 8795
[2022-05-17 20:27:03,285] [autoreload.py:251] [autoreload:trigger_reload] [INFO]- F:\Project_Python\1\mandao\apps\mdmain\views.py changed, reloading.
[2022-05-17 20:27:04,866] [autoreload.py:637] [autoreload:run_with_reloader] [INFO]- Watching for file changes with StatReloader
[2022-05-17 20:27:05,425] [basehttp.py:161] [basehttp:log_message] [INFO]- "GET / HTTP/1.1" 200 659
[2022-05-17 20:27:05,456] [basehttp.py:161] [basehttp:log_message] [INFO]- "GET /static/js/upload.js HTTP/1.1" 200 1393
[2022-05-17 20:29:52,900] [autoreload.py:251] [autoreload:trigger_reload] [INFO]- F:\Project_Python\1\mandao\apps\mdmain\views.py changed, reloading.
[2022-05-17 20:29:54,175] [autoreload.py:637] [autoreload:run_with_reloader] [INFO]- Watching for file changes with StatReloader
[2022-05-17 20:29:54,624] [basehttp.py:161] [basehttp:log_message] [INFO]- "GET / HTTP/1.1" 200 8795
[2022-05-17 20:44:13,155] [autoreload.py:251] [autoreload:trigger_reload] [INFO]- F:\Project_Python\1\mandao\apps\mdmain\views.py changed, reloading.
[2022-05-17 20:44:14,343] [autoreload.py:637] [autoreload:run_with_reloader] [INFO]- Watching for file changes with StatReloader
